{"C:\\Users\\aa\\Documents\\uni\\Plan de estudios\\Tercer Año\\2do Cuatri\\Programacion Web Servidor\\practica-final\\bildyapp-api\\src\\app.js": {"path":"C:\\Users\\aa\\Documents\\uni\\Plan de estudios\\Tercer Año\\2do Cuatri\\Programacion Web Servidor\\practica-final\\bildyapp-api\\src\\app.js","statementMap":{"0":{"start":{"line":11,"column":12},"end":{"line":11,"column":21}},"1":{"start":{"line":13,"column":0},"end":{"line":13,"column":18}},"2":{"start":{"line":14,"column":0},"end":{"line":14,"column":16}},"3":{"start":{"line":15,"column":0},"end":{"line":18,"column":4}},"4":{"start":{"line":19,"column":0},"end":{"line":19,"column":41}},"5":{"start":{"line":20,"column":0},"end":{"line":20,"column":18}},"6":{"start":{"line":21,"column":0},"end":{"line":21,"column":68}},"7":{"start":{"line":22,"column":0},"end":{"line":22,"column":24}},"8":{"start":{"line":23,"column":0},"end":{"line":23,"column":22}}},"fnMap":{},"branchMap":{},"s":{"0":4,"1":4,"2":4,"3":4,"4":4,"5":4,"6":4,"7":4,"8":4},"f":{},"b":{},"inputSourceMap":null,"_coverageSchema":"1a1c01bbd47fc00a2c39e90264f33305004495a9","hash":"e0be4200400fbf6e493c82610cd5eff2d64d97cb"}
,"C:\\Users\\aa\\Documents\\uni\\Plan de estudios\\Tercer Año\\2do Cuatri\\Programacion Web Servidor\\practica-final\\bildyapp-api\\src\\config\\index.js": {"path":"C:\\Users\\aa\\Documents\\uni\\Plan de estudios\\Tercer Año\\2do Cuatri\\Programacion Web Servidor\\practica-final\\bildyapp-api\\src\\config\\index.js","statementMap":{"0":{"start":{"line":1,"column":22},"end":{"line":6,"column":1}}},"fnMap":{},"branchMap":{},"s":{"0":4},"f":{},"b":{},"inputSourceMap":null,"_coverageSchema":"1a1c01bbd47fc00a2c39e90264f33305004495a9","hash":"0cd2ba020ece13b04f7a837de16dedfc8b8f1dc4"}
,"C:\\Users\\aa\\Documents\\uni\\Plan de estudios\\Tercer Año\\2do Cuatri\\Programacion Web Servidor\\practica-final\\bildyapp-api\\src\\config\\swagger.js": {"path":"C:\\Users\\aa\\Documents\\uni\\Plan de estudios\\Tercer Año\\2do Cuatri\\Programacion Web Servidor\\practica-final\\bildyapp-api\\src\\config\\swagger.js","statementMap":{"0":{"start":{"line":3,"column":16},"end":{"line":24,"column":1}},"1":{"start":{"line":26,"column":27},"end":{"line":26,"column":48}}},"fnMap":{},"branchMap":{},"s":{"0":4,"1":4},"f":{},"b":{},"inputSourceMap":null,"_coverageSchema":"1a1c01bbd47fc00a2c39e90264f33305004495a9","hash":"c0010c33f652ef5684c84de4eaa6d8e70c0bb821"}
,"C:\\Users\\aa\\Documents\\uni\\Plan de estudios\\Tercer Año\\2do Cuatri\\Programacion Web Servidor\\practica-final\\bildyapp-api\\src\\controllers\\client.controller.js": {"path":"C:\\Users\\aa\\Documents\\uni\\Plan de estudios\\Tercer Año\\2do Cuatri\\Programacion Web Servidor\\practica-final\\bildyapp-api\\src\\controllers\\client.controller.js","statementMap":{"0":{"start":{"line":6,"column":28},"end":{"line":33,"column":1}},"1":{"start":{"line":7,"column":4},"end":{"line":32,"column":5}},"2":{"start":{"line":8,"column":27},"end":{"line":8,"column":35}},"3":{"start":{"line":9,"column":21},"end":{"line":9,"column":68}},"4":{"start":{"line":10,"column":8},"end":{"line":12,"column":9}},"5":{"start":{"line":11,"column":12},"end":{"line":11,"column":53}},"6":{"start":{"line":13,"column":31},"end":{"line":16,"column":10}},"7":{"start":{"line":17,"column":8},"end":{"line":19,"column":9}},"8":{"start":{"line":18,"column":12},"end":{"line":18,"column":78}},"9":{"start":{"line":20,"column":23},"end":{"line":24,"column":10}},"10":{"start":{"line":25,"column":8},"end":{"line":25,"column":27}},"11":{"start":{"line":26,"column":8},"end":{"line":29,"column":10}},"12":{"start":{"line":31,"column":8},"end":{"line":31,"column":19}},"13":{"start":{"line":35,"column":26},"end":{"line":54,"column":1}},"14":{"start":{"line":36,"column":4},"end":{"line":53,"column":5}},"15":{"start":{"line":37,"column":27},"end":{"line":37,"column":35}},"16":{"start":{"line":38,"column":21},"end":{"line":38,"column":68}},"17":{"start":{"line":39,"column":8},"end":{"line":41,"column":9}},"18":{"start":{"line":40,"column":12},"end":{"line":40,"column":53}},"19":{"start":{"line":42,"column":24},"end":{"line":45,"column":10}},"20":{"start":{"line":46,"column":8},"end":{"line":49,"column":10}},"21":{"start":{"line":52,"column":8},"end":{"line":52,"column":19}},"22":{"start":{"line":56,"column":25},"end":{"line":78,"column":1}},"23":{"start":{"line":57,"column":4},"end":{"line":77,"column":5}},"24":{"start":{"line":58,"column":27},"end":{"line":58,"column":35}},"25":{"start":{"line":59,"column":21},"end":{"line":59,"column":68}},"26":{"start":{"line":60,"column":8},"end":{"line":62,"column":9}},"27":{"start":{"line":61,"column":12},"end":{"line":61,"column":53}},"28":{"start":{"line":63,"column":23},"end":{"line":67,"column":10}},"29":{"start":{"line":68,"column":8},"end":{"line":70,"column":9}},"30":{"start":{"line":69,"column":12},"end":{"line":69,"column":55}},"31":{"start":{"line":71,"column":8},"end":{"line":74,"column":10}},"32":{"start":{"line":76,"column":8},"end":{"line":76,"column":19}},"33":{"start":{"line":80,"column":28},"end":{"line":106,"column":1}},"34":{"start":{"line":81,"column":4},"end":{"line":105,"column":5}},"35":{"start":{"line":82,"column":27},"end":{"line":82,"column":35}},"36":{"start":{"line":83,"column":21},"end":{"line":83,"column":68}},"37":{"start":{"line":84,"column":8},"end":{"line":86,"column":9}},"38":{"start":{"line":85,"column":12},"end":{"line":85,"column":53}},"39":{"start":{"line":87,"column":23},"end":{"line":95,"column":9}},"40":{"start":{"line":96,"column":8},"end":{"line":98,"column":9}},"41":{"start":{"line":97,"column":12},"end":{"line":97,"column":55}},"42":{"start":{"line":99,"column":8},"end":{"line":102,"column":10}},"43":{"start":{"line":104,"column":8},"end":{"line":104,"column":19}},"44":{"start":{"line":108,"column":28},"end":{"line":134,"column":1}},"45":{"start":{"line":109,"column":4},"end":{"line":133,"column":5}},"46":{"start":{"line":110,"column":27},"end":{"line":110,"column":35}},"47":{"start":{"line":111,"column":21},"end":{"line":111,"column":68}},"48":{"start":{"line":112,"column":8},"end":{"line":114,"column":9}},"49":{"start":{"line":113,"column":12},"end":{"line":113,"column":53}},"50":{"start":{"line":115,"column":23},"end":{"line":123,"column":9}},"51":{"start":{"line":124,"column":8},"end":{"line":126,"column":9}},"52":{"start":{"line":125,"column":12},"end":{"line":125,"column":55}},"53":{"start":{"line":127,"column":8},"end":{"line":130,"column":10}},"54":{"start":{"line":132,"column":8},"end":{"line":132,"column":19}},"55":{"start":{"line":136,"column":34},"end":{"line":154,"column":1}},"56":{"start":{"line":137,"column":4},"end":{"line":153,"column":5}},"57":{"start":{"line":138,"column":27},"end":{"line":138,"column":35}},"58":{"start":{"line":139,"column":21},"end":{"line":139,"column":68}},"59":{"start":{"line":140,"column":8},"end":{"line":142,"column":9}},"60":{"start":{"line":141,"column":12},"end":{"line":141,"column":53}},"61":{"start":{"line":143,"column":24},"end":{"line":146,"column":10}},"62":{"start":{"line":147,"column":8},"end":{"line":150,"column":10}},"63":{"start":{"line":152,"column":8},"end":{"line":152,"column":19}},"64":{"start":{"line":156,"column":29},"end":{"line":182,"column":1}},"65":{"start":{"line":157,"column":4},"end":{"line":181,"column":5}},"66":{"start":{"line":158,"column":27},"end":{"line":158,"column":35}},"67":{"start":{"line":159,"column":21},"end":{"line":159,"column":68}},"68":{"start":{"line":160,"column":8},"end":{"line":162,"column":9}},"69":{"start":{"line":161,"column":12},"end":{"line":161,"column":53}},"70":{"start":{"line":163,"column":23},"end":{"line":171,"column":9}},"71":{"start":{"line":172,"column":8},"end":{"line":174,"column":9}},"72":{"start":{"line":173,"column":12},"end":{"line":173,"column":55}},"73":{"start":{"line":175,"column":8},"end":{"line":178,"column":10}},"74":{"start":{"line":180,"column":8},"end":{"line":180,"column":19}}},"fnMap":{"0":{"name":"(anonymous_0)","decl":{"start":{"line":6,"column":28},"end":{"line":6,"column":29}},"loc":{"start":{"line":6,"column":54},"end":{"line":33,"column":1}},"line":6},"1":{"name":"(anonymous_1)","decl":{"start":{"line":35,"column":26},"end":{"line":35,"column":27}},"loc":{"start":{"line":35,"column":52},"end":{"line":54,"column":1}},"line":35},"2":{"name":"(anonymous_2)","decl":{"start":{"line":56,"column":25},"end":{"line":56,"column":26}},"loc":{"start":{"line":56,"column":51},"end":{"line":78,"column":1}},"line":56},"3":{"name":"(anonymous_3)","decl":{"start":{"line":80,"column":28},"end":{"line":80,"column":29}},"loc":{"start":{"line":80,"column":54},"end":{"line":106,"column":1}},"line":80},"4":{"name":"(anonymous_4)","decl":{"start":{"line":108,"column":28},"end":{"line":108,"column":29}},"loc":{"start":{"line":108,"column":54},"end":{"line":134,"column":1}},"line":108},"5":{"name":"(anonymous_5)","decl":{"start":{"line":136,"column":34},"end":{"line":136,"column":35}},"loc":{"start":{"line":136,"column":60},"end":{"line":154,"column":1}},"line":136},"6":{"name":"(anonymous_6)","decl":{"start":{"line":156,"column":29},"end":{"line":156,"column":30}},"loc":{"start":{"line":156,"column":55},"end":{"line":182,"column":1}},"line":156}},"branchMap":{"0":{"loc":{"start":{"line":10,"column":8},"end":{"line":12,"column":9}},"type":"if","locations":[{"start":{"line":10,"column":8},"end":{"line":12,"column":9}},{"start":{},"end":{}}],"line":10},"1":{"loc":{"start":{"line":17,"column":8},"end":{"line":19,"column":9}},"type":"if","locations":[{"start":{"line":17,"column":8},"end":{"line":19,"column":9}},{"start":{},"end":{}}],"line":17},"2":{"loc":{"start":{"line":39,"column":8},"end":{"line":41,"column":9}},"type":"if","locations":[{"start":{"line":39,"column":8},"end":{"line":41,"column":9}},{"start":{},"end":{}}],"line":39},"3":{"loc":{"start":{"line":60,"column":8},"end":{"line":62,"column":9}},"type":"if","locations":[{"start":{"line":60,"column":8},"end":{"line":62,"column":9}},{"start":{},"end":{}}],"line":60},"4":{"loc":{"start":{"line":68,"column":8},"end":{"line":70,"column":9}},"type":"if","locations":[{"start":{"line":68,"column":8},"end":{"line":70,"column":9}},{"start":{},"end":{}}],"line":68},"5":{"loc":{"start":{"line":84,"column":8},"end":{"line":86,"column":9}},"type":"if","locations":[{"start":{"line":84,"column":8},"end":{"line":86,"column":9}},{"start":{},"end":{}}],"line":84},"6":{"loc":{"start":{"line":96,"column":8},"end":{"line":98,"column":9}},"type":"if","locations":[{"start":{"line":96,"column":8},"end":{"line":98,"column":9}},{"start":{},"end":{}}],"line":96},"7":{"loc":{"start":{"line":112,"column":8},"end":{"line":114,"column":9}},"type":"if","locations":[{"start":{"line":112,"column":8},"end":{"line":114,"column":9}},{"start":{},"end":{}}],"line":112},"8":{"loc":{"start":{"line":124,"column":8},"end":{"line":126,"column":9}},"type":"if","locations":[{"start":{"line":124,"column":8},"end":{"line":126,"column":9}},{"start":{},"end":{}}],"line":124},"9":{"loc":{"start":{"line":140,"column":8},"end":{"line":142,"column":9}},"type":"if","locations":[{"start":{"line":140,"column":8},"end":{"line":142,"column":9}},{"start":{},"end":{}}],"line":140},"10":{"loc":{"start":{"line":160,"column":8},"end":{"line":162,"column":9}},"type":"if","locations":[{"start":{"line":160,"column":8},"end":{"line":162,"column":9}},{"start":{},"end":{}}],"line":160},"11":{"loc":{"start":{"line":172,"column":8},"end":{"line":174,"column":9}},"type":"if","locations":[{"start":{"line":172,"column":8},"end":{"line":174,"column":9}},{"start":{},"end":{}}],"line":172}},"s":{"0":4,"1":15,"2":15,"3":15,"4":15,"5":0,"6":15,"7":15,"8":1,"9":14,"10":14,"11":14,"12":0,"13":4,"14":1,"15":1,"16":1,"17":1,"18":0,"19":1,"20":1,"21":0,"22":4,"23":2,"24":2,"25":2,"26":2,"27":0,"28":2,"29":2,"30":1,"31":1,"32":1,"33":4,"34":1,"35":1,"36":1,"37":1,"38":0,"39":1,"40":1,"41":0,"42":1,"43":0,"44":4,"45":2,"46":2,"47":2,"48":2,"49":0,"50":2,"51":2,"52":0,"53":2,"54":0,"55":4,"56":1,"57":1,"58":1,"59":1,"60":0,"61":1,"62":1,"63":0,"64":4,"65":0,"66":0,"67":0,"68":0,"69":0,"70":0,"71":0,"72":0,"73":0,"74":0},"f":{"0":15,"1":1,"2":2,"3":1,"4":2,"5":1,"6":0},"b":{"0":[0,15],"1":[1,14],"2":[0,1],"3":[0,2],"4":[1,1],"5":[0,1],"6":[0,1],"7":[0,2],"8":[0,2],"9":[0,1],"10":[0,0],"11":[0,0]},"inputSourceMap":null,"_coverageSchema":"1a1c01bbd47fc00a2c39e90264f33305004495a9","hash":"b4a76a2c0cc0020032c302be36543aeb51f17113"}
,"C:\\Users\\aa\\Documents\\uni\\Plan de estudios\\Tercer Año\\2do Cuatri\\Programacion Web Servidor\\practica-final\\bildyapp-api\\src\\controllers\\deliverynote.controller.js": {"path":"C:\\Users\\aa\\Documents\\uni\\Plan de estudios\\Tercer Año\\2do Cuatri\\Programacion Web Servidor\\practica-final\\bildyapp-api\\src\\controllers\\deliverynote.controller.js","statementMap":{"0":{"start":{"line":8,"column":34},"end":{"line":37,"column":1}},"1":{"start":{"line":9,"column":4},"end":{"line":36,"column":5}},"2":{"start":{"line":10,"column":27},"end":{"line":10,"column":35}},"3":{"start":{"line":12,"column":21},"end":{"line":12,"column":68}},"4":{"start":{"line":13,"column":8},"end":{"line":15,"column":9}},"5":{"start":{"line":14,"column":12},"end":{"line":14,"column":53}},"6":{"start":{"line":16,"column":24},"end":{"line":20,"column":10}},"7":{"start":{"line":21,"column":8},"end":{"line":23,"column":9}},"8":{"start":{"line":22,"column":12},"end":{"line":22,"column":56}},"9":{"start":{"line":24,"column":29},"end":{"line":29,"column":10}},"10":{"start":{"line":30,"column":8},"end":{"line":33,"column":10}},"11":{"start":{"line":35,"column":8},"end":{"line":35,"column":19}},"12":{"start":{"line":39,"column":32},"end":{"line":57,"column":1}},"13":{"start":{"line":40,"column":4},"end":{"line":56,"column":5}},"14":{"start":{"line":41,"column":27},"end":{"line":41,"column":35}},"15":{"start":{"line":42,"column":21},"end":{"line":42,"column":68}},"16":{"start":{"line":43,"column":8},"end":{"line":45,"column":9}},"17":{"start":{"line":44,"column":12},"end":{"line":44,"column":53}},"18":{"start":{"line":46,"column":30},"end":{"line":49,"column":10}},"19":{"start":{"line":50,"column":8},"end":{"line":53,"column":10}},"20":{"start":{"line":55,"column":8},"end":{"line":55,"column":19}},"21":{"start":{"line":59,"column":31},"end":{"line":81,"column":1}},"22":{"start":{"line":60,"column":4},"end":{"line":80,"column":5}},"23":{"start":{"line":61,"column":27},"end":{"line":61,"column":35}},"24":{"start":{"line":62,"column":21},"end":{"line":62,"column":68}},"25":{"start":{"line":63,"column":8},"end":{"line":65,"column":9}},"26":{"start":{"line":64,"column":12},"end":{"line":64,"column":53}},"27":{"start":{"line":66,"column":29},"end":{"line":70,"column":10}},"28":{"start":{"line":71,"column":8},"end":{"line":73,"column":9}},"29":{"start":{"line":72,"column":12},"end":{"line":72,"column":62}},"30":{"start":{"line":74,"column":8},"end":{"line":77,"column":10}},"31":{"start":{"line":79,"column":8},"end":{"line":79,"column":19}},"32":{"start":{"line":82,"column":34},"end":{"line":110,"column":1}},"33":{"start":{"line":83,"column":4},"end":{"line":109,"column":5}},"34":{"start":{"line":84,"column":27},"end":{"line":84,"column":35}},"35":{"start":{"line":85,"column":21},"end":{"line":85,"column":68}},"36":{"start":{"line":86,"column":8},"end":{"line":88,"column":9}},"37":{"start":{"line":87,"column":12},"end":{"line":87,"column":53}},"38":{"start":{"line":89,"column":29},"end":{"line":93,"column":10}},"39":{"start":{"line":94,"column":8},"end":{"line":96,"column":9}},"40":{"start":{"line":95,"column":12},"end":{"line":95,"column":62}},"41":{"start":{"line":97,"column":8},"end":{"line":99,"column":9}},"42":{"start":{"line":98,"column":12},"end":{"line":98,"column":85}},"43":{"start":{"line":101,"column":8},"end":{"line":101,"column":35}},"44":{"start":{"line":102,"column":8},"end":{"line":102,"column":33}},"45":{"start":{"line":103,"column":8},"end":{"line":106,"column":10}},"46":{"start":{"line":108,"column":8},"end":{"line":108,"column":19}},"47":{"start":{"line":112,"column":32},"end":{"line":136,"column":1}},"48":{"start":{"line":113,"column":4},"end":{"line":135,"column":5}},"49":{"start":{"line":114,"column":27},"end":{"line":114,"column":35}},"50":{"start":{"line":115,"column":21},"end":{"line":115,"column":68}},"51":{"start":{"line":116,"column":8},"end":{"line":118,"column":9}},"52":{"start":{"line":117,"column":12},"end":{"line":117,"column":53}},"53":{"start":{"line":119,"column":29},"end":{"line":123,"column":10}},"54":{"start":{"line":124,"column":8},"end":{"line":126,"column":9}},"55":{"start":{"line":125,"column":12},"end":{"line":125,"column":62}},"56":{"start":{"line":127,"column":8},"end":{"line":127,"column":34}},"57":{"start":{"line":128,"column":8},"end":{"line":128,"column":33}},"58":{"start":{"line":129,"column":8},"end":{"line":132,"column":10}},"59":{"start":{"line":134,"column":8},"end":{"line":134,"column":19}},"60":{"start":{"line":138,"column":34},"end":{"line":157,"column":1}},"61":{"start":{"line":139,"column":4},"end":{"line":156,"column":5}},"62":{"start":{"line":140,"column":27},"end":{"line":140,"column":35}},"63":{"start":{"line":141,"column":21},"end":{"line":141,"column":68}},"64":{"start":{"line":142,"column":8},"end":{"line":142,"column":60}},"65":{"start":{"line":142,"column":19},"end":{"line":142,"column":60}},"66":{"start":{"line":144,"column":29},"end":{"line":148,"column":42}},"67":{"start":{"line":150,"column":8},"end":{"line":150,"column":68}},"68":{"start":{"line":150,"column":27},"end":{"line":150,"column":68}},"69":{"start":{"line":153,"column":8},"end":{"line":153,"column":71}},"70":{"start":{"line":155,"column":8},"end":{"line":155,"column":19}}},"fnMap":{"0":{"name":"(anonymous_0)","decl":{"start":{"line":8,"column":34},"end":{"line":8,"column":35}},"loc":{"start":{"line":8,"column":60},"end":{"line":37,"column":1}},"line":8},"1":{"name":"(anonymous_1)","decl":{"start":{"line":39,"column":32},"end":{"line":39,"column":33}},"loc":{"start":{"line":39,"column":58},"end":{"line":57,"column":1}},"line":39},"2":{"name":"(anonymous_2)","decl":{"start":{"line":59,"column":31},"end":{"line":59,"column":32}},"loc":{"start":{"line":59,"column":57},"end":{"line":81,"column":1}},"line":59},"3":{"name":"(anonymous_3)","decl":{"start":{"line":82,"column":34},"end":{"line":82,"column":35}},"loc":{"start":{"line":82,"column":60},"end":{"line":110,"column":1}},"line":82},"4":{"name":"(anonymous_4)","decl":{"start":{"line":112,"column":32},"end":{"line":112,"column":33}},"loc":{"start":{"line":112,"column":58},"end":{"line":136,"column":1}},"line":112},"5":{"name":"(anonymous_5)","decl":{"start":{"line":138,"column":34},"end":{"line":138,"column":35}},"loc":{"start":{"line":138,"column":60},"end":{"line":157,"column":1}},"line":138}},"branchMap":{"0":{"loc":{"start":{"line":13,"column":8},"end":{"line":15,"column":9}},"type":"if","locations":[{"start":{"line":13,"column":8},"end":{"line":15,"column":9}},{"start":{},"end":{}}],"line":13},"1":{"loc":{"start":{"line":21,"column":8},"end":{"line":23,"column":9}},"type":"if","locations":[{"start":{"line":21,"column":8},"end":{"line":23,"column":9}},{"start":{},"end":{}}],"line":21},"2":{"loc":{"start":{"line":43,"column":8},"end":{"line":45,"column":9}},"type":"if","locations":[{"start":{"line":43,"column":8},"end":{"line":45,"column":9}},{"start":{},"end":{}}],"line":43},"3":{"loc":{"start":{"line":63,"column":8},"end":{"line":65,"column":9}},"type":"if","locations":[{"start":{"line":63,"column":8},"end":{"line":65,"column":9}},{"start":{},"end":{}}],"line":63},"4":{"loc":{"start":{"line":71,"column":8},"end":{"line":73,"column":9}},"type":"if","locations":[{"start":{"line":71,"column":8},"end":{"line":73,"column":9}},{"start":{},"end":{}}],"line":71},"5":{"loc":{"start":{"line":86,"column":8},"end":{"line":88,"column":9}},"type":"if","locations":[{"start":{"line":86,"column":8},"end":{"line":88,"column":9}},{"start":{},"end":{}}],"line":86},"6":{"loc":{"start":{"line":94,"column":8},"end":{"line":96,"column":9}},"type":"if","locations":[{"start":{"line":94,"column":8},"end":{"line":96,"column":9}},{"start":{},"end":{}}],"line":94},"7":{"loc":{"start":{"line":97,"column":8},"end":{"line":99,"column":9}},"type":"if","locations":[{"start":{"line":97,"column":8},"end":{"line":99,"column":9}},{"start":{},"end":{}}],"line":97},"8":{"loc":{"start":{"line":116,"column":8},"end":{"line":118,"column":9}},"type":"if","locations":[{"start":{"line":116,"column":8},"end":{"line":118,"column":9}},{"start":{},"end":{}}],"line":116},"9":{"loc":{"start":{"line":124,"column":8},"end":{"line":126,"column":9}},"type":"if","locations":[{"start":{"line":124,"column":8},"end":{"line":126,"column":9}},{"start":{},"end":{}}],"line":124},"10":{"loc":{"start":{"line":142,"column":8},"end":{"line":142,"column":60}},"type":"if","locations":[{"start":{"line":142,"column":8},"end":{"line":142,"column":60}},{"start":{},"end":{}}],"line":142},"11":{"loc":{"start":{"line":150,"column":8},"end":{"line":150,"column":68}},"type":"if","locations":[{"start":{"line":150,"column":8},"end":{"line":150,"column":68}},{"start":{},"end":{}}],"line":150}},"s":{"0":4,"1":4,"2":4,"3":4,"4":4,"5":0,"6":4,"7":4,"8":1,"9":3,"10":3,"11":1,"12":4,"13":1,"14":1,"15":1,"16":1,"17":0,"18":1,"19":1,"20":0,"21":4,"22":0,"23":0,"24":0,"25":0,"26":0,"27":0,"28":0,"29":0,"30":0,"31":0,"32":4,"33":1,"34":1,"35":1,"36":1,"37":0,"38":1,"39":1,"40":0,"41":1,"42":0,"43":1,"44":1,"45":1,"46":0,"47":4,"48":1,"49":1,"50":1,"51":1,"52":0,"53":1,"54":1,"55":0,"56":1,"57":1,"58":1,"59":0,"60":4,"61":0,"62":0,"63":0,"64":0,"65":0,"66":0,"67":0,"68":0,"69":0,"70":0},"f":{"0":4,"1":1,"2":0,"3":1,"4":1,"5":0},"b":{"0":[0,4],"1":[1,3],"2":[0,1],"3":[0,0],"4":[0,0],"5":[0,1],"6":[0,1],"7":[0,1],"8":[0,1],"9":[0,1],"10":[0,0],"11":[0,0]},"inputSourceMap":null,"_coverageSchema":"1a1c01bbd47fc00a2c39e90264f33305004495a9","hash":"0a5e6b5e3779115d82ead34d346b4a528c16e969"}
,"C:\\Users\\aa\\Documents\\uni\\Plan de estudios\\Tercer Año\\2do Cuatri\\Programacion Web Servidor\\practica-final\\bildyapp-api\\src\\controllers\\project.controller.js": {"path":"C:\\Users\\aa\\Documents\\uni\\Plan de estudios\\Tercer Año\\2do Cuatri\\Programacion Web Servidor\\practica-final\\bildyapp-api\\src\\controllers\\project.controller.js","statementMap":{"0":{"start":{"line":7,"column":29},"end":{"line":34,"column":1}},"1":{"start":{"line":8,"column":4},"end":{"line":33,"column":5}},"2":{"start":{"line":9,"column":27},"end":{"line":9,"column":35}},"3":{"start":{"line":10,"column":21},"end":{"line":10,"column":68}},"4":{"start":{"line":11,"column":8},"end":{"line":13,"column":9}},"5":{"start":{"line":12,"column":12},"end":{"line":12,"column":53}},"6":{"start":{"line":14,"column":23},"end":{"line":18,"column":10}},"7":{"start":{"line":19,"column":8},"end":{"line":21,"column":9}},"8":{"start":{"line":20,"column":12},"end":{"line":20,"column":55}},"9":{"start":{"line":22,"column":24},"end":{"line":26,"column":10}},"10":{"start":{"line":27,"column":8},"end":{"line":30,"column":10}},"11":{"start":{"line":32,"column":8},"end":{"line":32,"column":19}},"12":{"start":{"line":36,"column":27},"end":{"line":54,"column":1}},"13":{"start":{"line":37,"column":4},"end":{"line":53,"column":5}},"14":{"start":{"line":38,"column":27},"end":{"line":38,"column":35}},"15":{"start":{"line":39,"column":21},"end":{"line":39,"column":68}},"16":{"start":{"line":40,"column":8},"end":{"line":42,"column":9}},"17":{"start":{"line":41,"column":12},"end":{"line":41,"column":53}},"18":{"start":{"line":43,"column":25},"end":{"line":46,"column":10}},"19":{"start":{"line":47,"column":8},"end":{"line":50,"column":10}},"20":{"start":{"line":52,"column":8},"end":{"line":52,"column":19}},"21":{"start":{"line":56,"column":30},"end":{"line":78,"column":1}},"22":{"start":{"line":57,"column":8},"end":{"line":77,"column":5}},"23":{"start":{"line":58,"column":27},"end":{"line":58,"column":35}},"24":{"start":{"line":59,"column":21},"end":{"line":59,"column":68}},"25":{"start":{"line":60,"column":8},"end":{"line":62,"column":9}},"26":{"start":{"line":61,"column":12},"end":{"line":61,"column":53}},"27":{"start":{"line":63,"column":24},"end":{"line":67,"column":10}},"28":{"start":{"line":68,"column":8},"end":{"line":70,"column":9}},"29":{"start":{"line":69,"column":12},"end":{"line":69,"column":56}},"30":{"start":{"line":71,"column":8},"end":{"line":74,"column":10}},"31":{"start":{"line":76,"column":8},"end":{"line":76,"column":19}},"32":{"start":{"line":80,"column":29},"end":{"line":106,"column":1}},"33":{"start":{"line":81,"column":4},"end":{"line":105,"column":5}},"34":{"start":{"line":82,"column":27},"end":{"line":82,"column":35}},"35":{"start":{"line":83,"column":21},"end":{"line":83,"column":68}},"36":{"start":{"line":84,"column":8},"end":{"line":86,"column":9}},"37":{"start":{"line":85,"column":12},"end":{"line":85,"column":53}},"38":{"start":{"line":87,"column":24},"end":{"line":91,"column":10}},"39":{"start":{"line":92,"column":8},"end":{"line":94,"column":9}},"40":{"start":{"line":93,"column":12},"end":{"line":93,"column":56}},"41":{"start":{"line":95,"column":31},"end":{"line":98,"column":10}},"42":{"start":{"line":99,"column":8},"end":{"line":102,"column":10}},"43":{"start":{"line":104,"column":8},"end":{"line":104,"column":19}},"44":{"start":{"line":108,"column":29},"end":{"line":132,"column":1}},"45":{"start":{"line":109,"column":4},"end":{"line":131,"column":5}},"46":{"start":{"line":110,"column":27},"end":{"line":110,"column":35}},"47":{"start":{"line":111,"column":21},"end":{"line":111,"column":68}},"48":{"start":{"line":112,"column":8},"end":{"line":114,"column":9}},"49":{"start":{"line":113,"column":12},"end":{"line":113,"column":53}},"50":{"start":{"line":115,"column":24},"end":{"line":119,"column":10}},"51":{"start":{"line":120,"column":8},"end":{"line":122,"column":9}},"52":{"start":{"line":121,"column":12},"end":{"line":121,"column":56}},"53":{"start":{"line":124,"column":8},"end":{"line":124,"column":73}},"54":{"start":{"line":125,"column":8},"end":{"line":128,"column":10}},"55":{"start":{"line":130,"column":8},"end":{"line":130,"column":19}},"56":{"start":{"line":134,"column":35},"end":{"line":152,"column":1}},"57":{"start":{"line":135,"column":4},"end":{"line":151,"column":5}},"58":{"start":{"line":136,"column":27},"end":{"line":136,"column":35}},"59":{"start":{"line":137,"column":21},"end":{"line":137,"column":68}},"60":{"start":{"line":138,"column":8},"end":{"line":140,"column":9}},"61":{"start":{"line":139,"column":12},"end":{"line":139,"column":53}},"62":{"start":{"line":141,"column":25},"end":{"line":144,"column":10}},"63":{"start":{"line":145,"column":8},"end":{"line":148,"column":10}},"64":{"start":{"line":150,"column":8},"end":{"line":150,"column":19}},"65":{"start":{"line":154,"column":30},"end":{"line":178,"column":1}},"66":{"start":{"line":155,"column":4},"end":{"line":177,"column":5}},"67":{"start":{"line":156,"column":27},"end":{"line":156,"column":35}},"68":{"start":{"line":157,"column":21},"end":{"line":157,"column":68}},"69":{"start":{"line":158,"column":8},"end":{"line":160,"column":9}},"70":{"start":{"line":159,"column":12},"end":{"line":159,"column":53}},"71":{"start":{"line":161,"column":24},"end":{"line":167,"column":13}},"72":{"start":{"line":168,"column":8},"end":{"line":170,"column":9}},"73":{"start":{"line":169,"column":12},"end":{"line":169,"column":53}},"74":{"start":{"line":171,"column":8},"end":{"line":174,"column":10}},"75":{"start":{"line":176,"column":8},"end":{"line":176,"column":19}}},"fnMap":{"0":{"name":"(anonymous_0)","decl":{"start":{"line":7,"column":29},"end":{"line":7,"column":30}},"loc":{"start":{"line":7,"column":55},"end":{"line":34,"column":1}},"line":7},"1":{"name":"(anonymous_1)","decl":{"start":{"line":36,"column":27},"end":{"line":36,"column":28}},"loc":{"start":{"line":36,"column":53},"end":{"line":54,"column":1}},"line":36},"2":{"name":"(anonymous_2)","decl":{"start":{"line":56,"column":30},"end":{"line":56,"column":31}},"loc":{"start":{"line":56,"column":56},"end":{"line":78,"column":1}},"line":56},"3":{"name":"(anonymous_3)","decl":{"start":{"line":80,"column":29},"end":{"line":80,"column":30}},"loc":{"start":{"line":80,"column":55},"end":{"line":106,"column":1}},"line":80},"4":{"name":"(anonymous_4)","decl":{"start":{"line":108,"column":29},"end":{"line":108,"column":30}},"loc":{"start":{"line":108,"column":55},"end":{"line":132,"column":1}},"line":108},"5":{"name":"(anonymous_5)","decl":{"start":{"line":134,"column":35},"end":{"line":134,"column":36}},"loc":{"start":{"line":134,"column":61},"end":{"line":152,"column":1}},"line":134},"6":{"name":"(anonymous_6)","decl":{"start":{"line":154,"column":30},"end":{"line":154,"column":31}},"loc":{"start":{"line":154,"column":56},"end":{"line":178,"column":1}},"line":154}},"branchMap":{"0":{"loc":{"start":{"line":11,"column":8},"end":{"line":13,"column":9}},"type":"if","locations":[{"start":{"line":11,"column":8},"end":{"line":13,"column":9}},{"start":{},"end":{}}],"line":11},"1":{"loc":{"start":{"line":19,"column":8},"end":{"line":21,"column":9}},"type":"if","locations":[{"start":{"line":19,"column":8},"end":{"line":21,"column":9}},{"start":{},"end":{}}],"line":19},"2":{"loc":{"start":{"line":40,"column":8},"end":{"line":42,"column":9}},"type":"if","locations":[{"start":{"line":40,"column":8},"end":{"line":42,"column":9}},{"start":{},"end":{}}],"line":40},"3":{"loc":{"start":{"line":60,"column":8},"end":{"line":62,"column":9}},"type":"if","locations":[{"start":{"line":60,"column":8},"end":{"line":62,"column":9}},{"start":{},"end":{}}],"line":60},"4":{"loc":{"start":{"line":68,"column":8},"end":{"line":70,"column":9}},"type":"if","locations":[{"start":{"line":68,"column":8},"end":{"line":70,"column":9}},{"start":{},"end":{}}],"line":68},"5":{"loc":{"start":{"line":84,"column":8},"end":{"line":86,"column":9}},"type":"if","locations":[{"start":{"line":84,"column":8},"end":{"line":86,"column":9}},{"start":{},"end":{}}],"line":84},"6":{"loc":{"start":{"line":92,"column":8},"end":{"line":94,"column":9}},"type":"if","locations":[{"start":{"line":92,"column":8},"end":{"line":94,"column":9}},{"start":{},"end":{}}],"line":92},"7":{"loc":{"start":{"line":112,"column":8},"end":{"line":114,"column":9}},"type":"if","locations":[{"start":{"line":112,"column":8},"end":{"line":114,"column":9}},{"start":{},"end":{}}],"line":112},"8":{"loc":{"start":{"line":120,"column":8},"end":{"line":122,"column":9}},"type":"if","locations":[{"start":{"line":120,"column":8},"end":{"line":122,"column":9}},{"start":{},"end":{}}],"line":120},"9":{"loc":{"start":{"line":138,"column":8},"end":{"line":140,"column":9}},"type":"if","locations":[{"start":{"line":138,"column":8},"end":{"line":140,"column":9}},{"start":{},"end":{}}],"line":138},"10":{"loc":{"start":{"line":158,"column":8},"end":{"line":160,"column":9}},"type":"if","locations":[{"start":{"line":158,"column":8},"end":{"line":160,"column":9}},{"start":{},"end":{}}],"line":158},"11":{"loc":{"start":{"line":168,"column":8},"end":{"line":170,"column":9}},"type":"if","locations":[{"start":{"line":168,"column":8},"end":{"line":170,"column":9}},{"start":{},"end":{}}],"line":168}},"s":{"0":4,"1":9,"2":9,"3":9,"4":9,"5":0,"6":9,"7":9,"8":1,"9":8,"10":8,"11":1,"12":4,"13":1,"14":1,"15":1,"16":1,"17":0,"18":1,"19":1,"20":0,"21":4,"22":1,"23":1,"24":1,"25":1,"26":0,"27":1,"28":1,"29":0,"30":1,"31":0,"32":4,"33":0,"34":0,"35":0,"36":0,"37":0,"38":0,"39":0,"40":0,"41":0,"42":0,"43":0,"44":4,"45":1,"46":1,"47":1,"48":1,"49":0,"50":1,"51":1,"52":0,"53":1,"54":1,"55":0,"56":4,"57":0,"58":0,"59":0,"60":0,"61":0,"62":0,"63":0,"64":0,"65":4,"66":0,"67":0,"68":0,"69":0,"70":0,"71":0,"72":0,"73":0,"74":0,"75":0},"f":{"0":9,"1":1,"2":1,"3":0,"4":1,"5":0,"6":0},"b":{"0":[0,9],"1":[1,8],"2":[0,1],"3":[0,1],"4":[0,1],"5":[0,0],"6":[0,0],"7":[0,1],"8":[0,1],"9":[0,0],"10":[0,0],"11":[0,0]},"inputSourceMap":null,"_coverageSchema":"1a1c01bbd47fc00a2c39e90264f33305004495a9","hash":"59565f532a0b1cad4d62e9bf382b30d654634b4d"}
,"C:\\Users\\aa\\Documents\\uni\\Plan de estudios\\Tercer Año\\2do Cuatri\\Programacion Web Servidor\\practica-final\\bildyapp-api\\src\\controllers\\user.controller.js": {"path":"C:\\Users\\aa\\Documents\\uni\\Plan de estudios\\Tercer Año\\2do Cuatri\\Programacion Web Servidor\\practica-final\\bildyapp-api\\src\\controllers\\user.controller.js","statementMap":{"0":{"start":{"line":9,"column":24},"end":{"line":46,"column":1}},"1":{"start":{"line":10,"column":4},"end":{"line":44,"column":5}},"2":{"start":{"line":12,"column":36},"end":{"line":12,"column":44}},"3":{"start":{"line":13,"column":29},"end":{"line":13,"column":58}},"4":{"start":{"line":14,"column":8},"end":{"line":16,"column":9}},"5":{"start":{"line":15,"column":12},"end":{"line":15,"column":66}},"6":{"start":{"line":19,"column":31},"end":{"line":19,"column":62}},"7":{"start":{"line":20,"column":33},"end":{"line":20,"column":87}},"8":{"start":{"line":21,"column":21},"end":{"line":21,"column":110}},"9":{"start":{"line":24,"column":8},"end":{"line":24,"column":26}},"10":{"start":{"line":25,"column":8},"end":{"line":25,"column":58}},"11":{"start":{"line":28,"column":28},"end":{"line":28,"column":155}},"12":{"start":{"line":29,"column":29},"end":{"line":29,"column":158}},"13":{"start":{"line":32,"column":8},"end":{"line":41,"column":11}},"14":{"start":{"line":43,"column":8},"end":{"line":43,"column":20}},"15":{"start":{"line":48,"column":27},"end":{"line":83,"column":1}},"16":{"start":{"line":49,"column":4},"end":{"line":82,"column":5}},"17":{"start":{"line":51,"column":27},"end":{"line":51,"column":35}},"18":{"start":{"line":52,"column":25},"end":{"line":52,"column":33}},"19":{"start":{"line":55,"column":21},"end":{"line":55,"column":48}},"20":{"start":{"line":59,"column":8},"end":{"line":61,"column":9}},"21":{"start":{"line":60,"column":12},"end":{"line":60,"column":68}},"22":{"start":{"line":63,"column":8},"end":{"line":65,"column":9}},"23":{"start":{"line":64,"column":12},"end":{"line":64,"column":52}},"24":{"start":{"line":67,"column":8},"end":{"line":71,"column":9}},"25":{"start":{"line":68,"column":12},"end":{"line":68,"column":43}},"26":{"start":{"line":69,"column":12},"end":{"line":69,"column":30}},"27":{"start":{"line":70,"column":12},"end":{"line":70,"column":116}},"28":{"start":{"line":73,"column":8},"end":{"line":78,"column":9}},"29":{"start":{"line":74,"column":12},"end":{"line":74,"column":37}},"30":{"start":{"line":75,"column":12},"end":{"line":75,"column":30}},"31":{"start":{"line":76,"column":12},"end":{"line":76,"column":60}},"32":{"start":{"line":77,"column":12},"end":{"line":77,"column":75}},"33":{"start":{"line":81,"column":8},"end":{"line":81,"column":20}},"34":{"start":{"line":85,"column":21},"end":{"line":122,"column":1}},"35":{"start":{"line":86,"column":4},"end":{"line":120,"column":5}},"36":{"start":{"line":88,"column":36},"end":{"line":88,"column":44}},"37":{"start":{"line":89,"column":29},"end":{"line":89,"column":58}},"38":{"start":{"line":90,"column":8},"end":{"line":92,"column":9}},"39":{"start":{"line":91,"column":12},"end":{"line":91,"column":57}},"40":{"start":{"line":95,"column":24},"end":{"line":95,"column":77}},"41":{"start":{"line":96,"column":8},"end":{"line":98,"column":9}},"42":{"start":{"line":97,"column":12},"end":{"line":97,"column":72}},"43":{"start":{"line":101,"column":28},"end":{"line":101,"column":171}},"44":{"start":{"line":102,"column":29},"end":{"line":102,"column":174}},"45":{"start":{"line":105,"column":8},"end":{"line":105,"column":61}},"46":{"start":{"line":108,"column":8},"end":{"line":117,"column":11}},"47":{"start":{"line":119,"column":8},"end":{"line":119,"column":20}},"48":{"start":{"line":124,"column":34},"end":{"line":154,"column":1}},"49":{"start":{"line":125,"column":4},"end":{"line":153,"column":5}},"50":{"start":{"line":127,"column":27},"end":{"line":127,"column":35}},"51":{"start":{"line":128,"column":40},"end":{"line":128,"column":48}},"52":{"start":{"line":131,"column":21},"end":{"line":131,"column":111}},"53":{"start":{"line":132,"column":8},"end":{"line":134,"column":9}},"54":{"start":{"line":133,"column":12},"end":{"line":133,"column":54}},"55":{"start":{"line":135,"column":8},"end":{"line":135,"column":55}},"56":{"start":{"line":138,"column":8},"end":{"line":147,"column":11}},"57":{"start":{"line":152,"column":8},"end":{"line":152,"column":20}},"58":{"start":{"line":156,"column":29},"end":{"line":210,"column":1}},"59":{"start":{"line":157,"column":4},"end":{"line":209,"column":5}},"60":{"start":{"line":159,"column":27},"end":{"line":159,"column":35}},"61":{"start":{"line":160,"column":52},"end":{"line":160,"column":60}},"62":{"start":{"line":163,"column":21},"end":{"line":163,"column":48}},"63":{"start":{"line":164,"column":8},"end":{"line":166,"column":9}},"64":{"start":{"line":165,"column":12},"end":{"line":165,"column":54}},"65":{"start":{"line":168,"column":8},"end":{"line":194,"column":9}},"66":{"start":{"line":169,"column":26},"end":{"line":169,"column":66}},"67":{"start":{"line":170,"column":12},"end":{"line":179,"column":13}},"68":{"start":{"line":171,"column":16},"end":{"line":177,"column":18}},"69":{"start":{"line":178,"column":16},"end":{"line":178,"column":36}},"70":{"start":{"line":180,"column":12},"end":{"line":180,"column":38}},"71":{"start":{"line":181,"column":12},"end":{"line":181,"column":29}},"72":{"start":{"line":185,"column":26},"end":{"line":185,"column":56}},"73":{"start":{"line":186,"column":12},"end":{"line":191,"column":13}},"74":{"start":{"line":187,"column":16},"end":{"line":187,"column":76}},"75":{"start":{"line":188,"column":16},"end":{"line":188,"column":36}},"76":{"start":{"line":190,"column":16},"end":{"line":190,"column":35}},"77":{"start":{"line":192,"column":12},"end":{"line":192,"column":38}},"78":{"start":{"line":193,"column":12},"end":{"line":193,"column":29}},"79":{"start":{"line":197,"column":8},"end":{"line":197,"column":55}},"80":{"start":{"line":198,"column":8},"end":{"line":205,"column":11}},"81":{"start":{"line":208,"column":8},"end":{"line":208,"column":20}},"82":{"start":{"line":212,"column":26},"end":{"line":241,"column":1}},"83":{"start":{"line":213,"column":4},"end":{"line":240,"column":5}},"84":{"start":{"line":215,"column":27},"end":{"line":215,"column":35}},"85":{"start":{"line":216,"column":21},"end":{"line":216,"column":68}},"86":{"start":{"line":219,"column":8},"end":{"line":221,"column":9}},"87":{"start":{"line":220,"column":12},"end":{"line":220,"column":54}},"88":{"start":{"line":222,"column":8},"end":{"line":224,"column":9}},"89":{"start":{"line":223,"column":12},"end":{"line":223,"column":54}},"90":{"start":{"line":225,"column":8},"end":{"line":227,"column":9}},"91":{"start":{"line":226,"column":12},"end":{"line":226,"column":53}},"92":{"start":{"line":229,"column":8},"end":{"line":229,"column":42}},"93":{"start":{"line":230,"column":8},"end":{"line":230,"column":34}},"94":{"start":{"line":234,"column":8},"end":{"line":234,"column":55}},"95":{"start":{"line":235,"column":8},"end":{"line":237,"column":11}},"96":{"start":{"line":239,"column":8},"end":{"line":239,"column":20}},"97":{"start":{"line":243,"column":23},"end":{"line":270,"column":1}},"98":{"start":{"line":244,"column":4},"end":{"line":269,"column":5}},"99":{"start":{"line":246,"column":27},"end":{"line":246,"column":35}},"100":{"start":{"line":248,"column":21},"end":{"line":248,"column":68}},"101":{"start":{"line":249,"column":8},"end":{"line":251,"column":9}},"102":{"start":{"line":250,"column":12},"end":{"line":250,"column":54}},"103":{"start":{"line":253,"column":8},"end":{"line":253,"column":55}},"104":{"start":{"line":254,"column":8},"end":{"line":266,"column":11}},"105":{"start":{"line":268,"column":8},"end":{"line":268,"column":20}},"106":{"start":{"line":272,"column":28},"end":{"line":287,"column":1}},"107":{"start":{"line":273,"column":4},"end":{"line":286,"column":5}},"108":{"start":{"line":275,"column":33},"end":{"line":275,"column":41}},"109":{"start":{"line":276,"column":24},"end":{"line":276,"column":84}},"110":{"start":{"line":279,"column":28},"end":{"line":279,"column":164}},"111":{"start":{"line":280,"column":32},"end":{"line":280,"column":170}},"112":{"start":{"line":283,"column":8},"end":{"line":283,"column":65}},"113":{"start":{"line":285,"column":8},"end":{"line":285,"column":62}},"114":{"start":{"line":289,"column":22},"end":{"line":296,"column":1}},"115":{"start":{"line":290,"column":4},"end":{"line":295,"column":5}},"116":{"start":{"line":291,"column":8},"end":{"line":291,"column":57}},"117":{"start":{"line":292,"column":8},"end":{"line":292,"column":61}},"118":{"start":{"line":294,"column":8},"end":{"line":294,"column":19}},"119":{"start":{"line":298,"column":26},"end":{"line":321,"column":1}},"120":{"start":{"line":299,"column":4},"end":{"line":320,"column":5}},"121":{"start":{"line":301,"column":27},"end":{"line":301,"column":35}},"122":{"start":{"line":302,"column":25},"end":{"line":302,"column":34}},"123":{"start":{"line":303,"column":8},"end":{"line":317,"column":9}},"124":{"start":{"line":304,"column":25},"end":{"line":304,"column":109}},"125":{"start":{"line":305,"column":12},"end":{"line":307,"column":13}},"126":{"start":{"line":306,"column":16},"end":{"line":306,"column":58}},"127":{"start":{"line":308,"column":12},"end":{"line":308,"column":59}},"128":{"start":{"line":309,"column":12},"end":{"line":309,"column":69}},"129":{"start":{"line":311,"column":25},"end":{"line":311,"column":61}},"130":{"start":{"line":312,"column":12},"end":{"line":314,"column":13}},"131":{"start":{"line":313,"column":16},"end":{"line":313,"column":58}},"132":{"start":{"line":315,"column":12},"end":{"line":315,"column":59}},"133":{"start":{"line":316,"column":12},"end":{"line":316,"column":69}},"134":{"start":{"line":319,"column":8},"end":{"line":319,"column":20}},"135":{"start":{"line":323,"column":26},"end":{"line":360,"column":1}},"136":{"start":{"line":324,"column":4},"end":{"line":359,"column":5}},"137":{"start":{"line":326,"column":33},"end":{"line":326,"column":41}},"138":{"start":{"line":327,"column":22},"end":{"line":327,"column":49}},"139":{"start":{"line":329,"column":8},"end":{"line":331,"column":9}},"140":{"start":{"line":330,"column":12},"end":{"line":330,"column":64}},"141":{"start":{"line":334,"column":36},"end":{"line":334,"column":44}},"142":{"start":{"line":336,"column":29},"end":{"line":336,"column":58}},"143":{"start":{"line":338,"column":8},"end":{"line":340,"column":9}},"144":{"start":{"line":339,"column":12},"end":{"line":339,"column":66}},"145":{"start":{"line":341,"column":31},"end":{"line":341,"column":62}},"146":{"start":{"line":342,"column":21},"end":{"line":342,"column":153}},"147":{"start":{"line":345,"column":8},"end":{"line":345,"column":26}},"148":{"start":{"line":346,"column":8},"end":{"line":346,"column":55}},"149":{"start":{"line":349,"column":8},"end":{"line":356,"column":11}},"150":{"start":{"line":358,"column":8},"end":{"line":358,"column":20}},"151":{"start":{"line":362,"column":30},"end":{"line":391,"column":1}},"152":{"start":{"line":363,"column":4},"end":{"line":390,"column":5}},"153":{"start":{"line":365,"column":27},"end":{"line":365,"column":35}},"154":{"start":{"line":366,"column":49},"end":{"line":366,"column":57}},"155":{"start":{"line":369,"column":21},"end":{"line":369,"column":48}},"156":{"start":{"line":370,"column":8},"end":{"line":372,"column":9}},"157":{"start":{"line":371,"column":12},"end":{"line":371,"column":54}},"158":{"start":{"line":374,"column":24},"end":{"line":374,"column":76}},"159":{"start":{"line":375,"column":8},"end":{"line":377,"column":9}},"160":{"start":{"line":376,"column":12},"end":{"line":376,"column":79}},"161":{"start":{"line":380,"column":31},"end":{"line":380,"column":65}},"162":{"start":{"line":381,"column":8},"end":{"line":381,"column":39}},"163":{"start":{"line":382,"column":8},"end":{"line":382,"column":26}},"164":{"start":{"line":385,"column":8},"end":{"line":385,"column":55}},"165":{"start":{"line":386,"column":8},"end":{"line":386,"column":70}},"166":{"start":{"line":389,"column":8},"end":{"line":389,"column":20}}},"fnMap":{"0":{"name":"(anonymous_0)","decl":{"start":{"line":9,"column":24},"end":{"line":9,"column":25}},"loc":{"start":{"line":9,"column":50},"end":{"line":46,"column":1}},"line":9},"1":{"name":"(anonymous_1)","decl":{"start":{"line":48,"column":27},"end":{"line":48,"column":28}},"loc":{"start":{"line":48,"column":53},"end":{"line":83,"column":1}},"line":48},"2":{"name":"(anonymous_2)","decl":{"start":{"line":85,"column":21},"end":{"line":85,"column":22}},"loc":{"start":{"line":85,"column":47},"end":{"line":122,"column":1}},"line":85},"3":{"name":"(anonymous_3)","decl":{"start":{"line":124,"column":34},"end":{"line":124,"column":35}},"loc":{"start":{"line":124,"column":60},"end":{"line":154,"column":1}},"line":124},"4":{"name":"(anonymous_4)","decl":{"start":{"line":156,"column":29},"end":{"line":156,"column":30}},"loc":{"start":{"line":156,"column":55},"end":{"line":210,"column":1}},"line":156},"5":{"name":"(anonymous_5)","decl":{"start":{"line":212,"column":26},"end":{"line":212,"column":27}},"loc":{"start":{"line":212,"column":52},"end":{"line":241,"column":1}},"line":212},"6":{"name":"(anonymous_6)","decl":{"start":{"line":243,"column":23},"end":{"line":243,"column":24}},"loc":{"start":{"line":243,"column":49},"end":{"line":270,"column":1}},"line":243},"7":{"name":"(anonymous_7)","decl":{"start":{"line":272,"column":28},"end":{"line":272,"column":29}},"loc":{"start":{"line":272,"column":54},"end":{"line":287,"column":1}},"line":272},"8":{"name":"(anonymous_8)","decl":{"start":{"line":289,"column":22},"end":{"line":289,"column":23}},"loc":{"start":{"line":289,"column":48},"end":{"line":296,"column":1}},"line":289},"9":{"name":"(anonymous_9)","decl":{"start":{"line":298,"column":26},"end":{"line":298,"column":27}},"loc":{"start":{"line":298,"column":52},"end":{"line":321,"column":1}},"line":298},"10":{"name":"(anonymous_10)","decl":{"start":{"line":323,"column":26},"end":{"line":323,"column":27}},"loc":{"start":{"line":323,"column":52},"end":{"line":360,"column":1}},"line":323},"11":{"name":"(anonymous_11)","decl":{"start":{"line":362,"column":30},"end":{"line":362,"column":31}},"loc":{"start":{"line":362,"column":56},"end":{"line":391,"column":1}},"line":362}},"branchMap":{"0":{"loc":{"start":{"line":14,"column":8},"end":{"line":16,"column":9}},"type":"if","locations":[{"start":{"line":14,"column":8},"end":{"line":16,"column":9}},{"start":{},"end":{}}],"line":14},"1":{"loc":{"start":{"line":59,"column":8},"end":{"line":61,"column":9}},"type":"if","locations":[{"start":{"line":59,"column":8},"end":{"line":61,"column":9}},{"start":{},"end":{}}],"line":59},"2":{"loc":{"start":{"line":63,"column":8},"end":{"line":65,"column":9}},"type":"if","locations":[{"start":{"line":63,"column":8},"end":{"line":65,"column":9}},{"start":{},"end":{}}],"line":63},"3":{"loc":{"start":{"line":67,"column":8},"end":{"line":71,"column":9}},"type":"if","locations":[{"start":{"line":67,"column":8},"end":{"line":71,"column":9}},{"start":{},"end":{}}],"line":67},"4":{"loc":{"start":{"line":73,"column":8},"end":{"line":78,"column":9}},"type":"if","locations":[{"start":{"line":73,"column":8},"end":{"line":78,"column":9}},{"start":{},"end":{}}],"line":73},"5":{"loc":{"start":{"line":90,"column":8},"end":{"line":92,"column":9}},"type":"if","locations":[{"start":{"line":90,"column":8},"end":{"line":92,"column":9}},{"start":{},"end":{}}],"line":90},"6":{"loc":{"start":{"line":96,"column":8},"end":{"line":98,"column":9}},"type":"if","locations":[{"start":{"line":96,"column":8},"end":{"line":98,"column":9}},{"start":{},"end":{}}],"line":96},"7":{"loc":{"start":{"line":132,"column":8},"end":{"line":134,"column":9}},"type":"if","locations":[{"start":{"line":132,"column":8},"end":{"line":134,"column":9}},{"start":{},"end":{}}],"line":132},"8":{"loc":{"start":{"line":164,"column":8},"end":{"line":166,"column":9}},"type":"if","locations":[{"start":{"line":164,"column":8},"end":{"line":166,"column":9}},{"start":{},"end":{}}],"line":164},"9":{"loc":{"start":{"line":168,"column":8},"end":{"line":194,"column":9}},"type":"if","locations":[{"start":{"line":168,"column":8},"end":{"line":194,"column":9}},{"start":{"line":184,"column":13},"end":{"line":194,"column":9}}],"line":168},"10":{"loc":{"start":{"line":170,"column":12},"end":{"line":179,"column":13}},"type":"if","locations":[{"start":{"line":170,"column":12},"end":{"line":179,"column":13}},{"start":{},"end":{}}],"line":170},"11":{"loc":{"start":{"line":186,"column":12},"end":{"line":191,"column":13}},"type":"if","locations":[{"start":{"line":186,"column":12},"end":{"line":191,"column":13}},{"start":{"line":189,"column":19},"end":{"line":191,"column":13}}],"line":186},"12":{"loc":{"start":{"line":219,"column":8},"end":{"line":221,"column":9}},"type":"if","locations":[{"start":{"line":219,"column":8},"end":{"line":221,"column":9}},{"start":{},"end":{}}],"line":219},"13":{"loc":{"start":{"line":222,"column":8},"end":{"line":224,"column":9}},"type":"if","locations":[{"start":{"line":222,"column":8},"end":{"line":224,"column":9}},{"start":{},"end":{}}],"line":222},"14":{"loc":{"start":{"line":225,"column":8},"end":{"line":227,"column":9}},"type":"if","locations":[{"start":{"line":225,"column":8},"end":{"line":227,"column":9}},{"start":{},"end":{}}],"line":225},"15":{"loc":{"start":{"line":249,"column":8},"end":{"line":251,"column":9}},"type":"if","locations":[{"start":{"line":249,"column":8},"end":{"line":251,"column":9}},{"start":{},"end":{}}],"line":249},"16":{"loc":{"start":{"line":303,"column":8},"end":{"line":317,"column":9}},"type":"if","locations":[{"start":{"line":303,"column":8},"end":{"line":317,"column":9}},{"start":{"line":310,"column":15},"end":{"line":317,"column":9}}],"line":303},"17":{"loc":{"start":{"line":305,"column":12},"end":{"line":307,"column":13}},"type":"if","locations":[{"start":{"line":305,"column":12},"end":{"line":307,"column":13}},{"start":{},"end":{}}],"line":305},"18":{"loc":{"start":{"line":312,"column":12},"end":{"line":314,"column":13}},"type":"if","locations":[{"start":{"line":312,"column":12},"end":{"line":314,"column":13}},{"start":{},"end":{}}],"line":312},"19":{"loc":{"start":{"line":329,"column":8},"end":{"line":331,"column":9}},"type":"if","locations":[{"start":{"line":329,"column":8},"end":{"line":331,"column":9}},{"start":{},"end":{}}],"line":329},"20":{"loc":{"start":{"line":338,"column":8},"end":{"line":340,"column":9}},"type":"if","locations":[{"start":{"line":338,"column":8},"end":{"line":340,"column":9}},{"start":{},"end":{}}],"line":338},"21":{"loc":{"start":{"line":370,"column":8},"end":{"line":372,"column":9}},"type":"if","locations":[{"start":{"line":370,"column":8},"end":{"line":372,"column":9}},{"start":{},"end":{}}],"line":370},"22":{"loc":{"start":{"line":375,"column":8},"end":{"line":377,"column":9}},"type":"if","locations":[{"start":{"line":375,"column":8},"end":{"line":377,"column":9}},{"start":{},"end":{}}],"line":375}},"s":{"0":4,"1":20,"2":20,"3":20,"4":20,"5":0,"6":20,"7":20,"8":20,"9":20,"10":20,"11":20,"12":20,"13":20,"14":0,"15":4,"16":0,"17":0,"18":0,"19":0,"20":0,"21":0,"22":0,"23":0,"24":0,"25":0,"26":0,"27":0,"28":0,"29":0,"30":0,"31":0,"32":0,"33":0,"34":4,"35":2,"36":2,"37":2,"38":2,"39":1,"40":1,"41":1,"42":0,"43":1,"44":1,"45":1,"46":1,"47":0,"48":4,"49":18,"50":18,"51":18,"52":18,"53":18,"54":0,"55":18,"56":18,"57":0,"58":4,"59":18,"60":18,"61":18,"62":18,"63":18,"64":0,"65":18,"66":0,"67":0,"68":0,"69":0,"70":0,"71":0,"72":18,"73":18,"74":18,"75":18,"76":0,"77":18,"78":18,"79":18,"80":18,"81":0,"82":4,"83":0,"84":0,"85":0,"86":0,"87":0,"88":0,"89":0,"90":0,"91":0,"92":0,"93":0,"94":0,"95":0,"96":0,"97":4,"98":0,"99":0,"100":0,"101":0,"102":0,"103":0,"104":0,"105":0,"106":4,"107":0,"108":0,"109":0,"110":0,"111":0,"112":0,"113":0,"114":4,"115":0,"116":0,"117":0,"118":0,"119":4,"120":0,"121":0,"122":0,"123":0,"124":0,"125":0,"126":0,"127":0,"128":0,"129":0,"130":0,"131":0,"132":0,"133":0,"134":0,"135":4,"136":0,"137":0,"138":0,"139":0,"140":0,"141":0,"142":0,"143":0,"144":0,"145":0,"146":0,"147":0,"148":0,"149":0,"150":0,"151":4,"152":0,"153":0,"154":0,"155":0,"156":0,"157":0,"158":0,"159":0,"160":0,"161":0,"162":0,"163":0,"164":0,"165":0,"166":0},"f":{"0":20,"1":0,"2":2,"3":18,"4":18,"5":0,"6":0,"7":0,"8":0,"9":0,"10":0,"11":0},"b":{"0":[0,20],"1":[0,0],"2":[0,0],"3":[0,0],"4":[0,0],"5":[1,1],"6":[0,1],"7":[0,18],"8":[0,18],"9":[0,18],"10":[0,0],"11":[18,0],"12":[0,0],"13":[0,0],"14":[0,0],"15":[0,0],"16":[0,0],"17":[0,0],"18":[0,0],"19":[0,0],"20":[0,0],"21":[0,0],"22":[0,0]},"inputSourceMap":null,"_coverageSchema":"1a1c01bbd47fc00a2c39e90264f33305004495a9","hash":"b4dd738724744936a1cb237250d434d67075f7e5"}
,"C:\\Users\\aa\\Documents\\uni\\Plan de estudios\\Tercer Año\\2do Cuatri\\Programacion Web Servidor\\practica-final\\bildyapp-api\\src\\middleware\\auth.middleware.js": {"path":"C:\\Users\\aa\\Documents\\uni\\Plan de estudios\\Tercer Año\\2do Cuatri\\Programacion Web Servidor\\practica-final\\bildyapp-api\\src\\middleware\\auth.middleware.js","statementMap":{"0":{"start":{"line":5,"column":30},"end":{"line":23,"column":1}},"1":{"start":{"line":6,"column":23},"end":{"line":6,"column":51}},"2":{"start":{"line":7,"column":4},"end":{"line":9,"column":5}},"3":{"start":{"line":8,"column":8},"end":{"line":8,"column":79}},"4":{"start":{"line":11,"column":18},"end":{"line":11,"column":42}},"5":{"start":{"line":12,"column":4},"end":{"line":14,"column":5}},"6":{"start":{"line":13,"column":8},"end":{"line":13,"column":71}},"7":{"start":{"line":16,"column":4},"end":{"line":22,"column":5}},"8":{"start":{"line":17,"column":24},"end":{"line":17,"column":76}},"9":{"start":{"line":18,"column":8},"end":{"line":18,"column":27}},"10":{"start":{"line":19,"column":8},"end":{"line":19,"column":15}},"11":{"start":{"line":21,"column":8},"end":{"line":21,"column":71}}},"fnMap":{"0":{"name":"(anonymous_0)","decl":{"start":{"line":5,"column":30},"end":{"line":5,"column":31}},"loc":{"start":{"line":5,"column":50},"end":{"line":23,"column":1}},"line":5}},"branchMap":{"0":{"loc":{"start":{"line":7,"column":4},"end":{"line":9,"column":5}},"type":"if","locations":[{"start":{"line":7,"column":4},"end":{"line":9,"column":5}},{"start":{},"end":{}}],"line":7},"1":{"loc":{"start":{"line":12,"column":4},"end":{"line":14,"column":5}},"type":"if","locations":[{"start":{"line":12,"column":4},"end":{"line":14,"column":5}},{"start":{},"end":{}}],"line":12}},"s":{"0":4,"1":78,"2":78,"3":1,"4":77,"5":77,"6":0,"7":77,"8":77,"9":77,"10":77,"11":0},"f":{"0":78},"b":{"0":[1,77],"1":[0,77]},"inputSourceMap":null,"_coverageSchema":"1a1c01bbd47fc00a2c39e90264f33305004495a9","hash":"1d23c1a9bd357b97a2e21d55dad9d4709d78b51a"}
,"C:\\Users\\aa\\Documents\\uni\\Plan de estudios\\Tercer Año\\2do Cuatri\\Programacion Web Servidor\\practica-final\\bildyapp-api\\src\\middleware\\error-handler.js": {"path":"C:\\Users\\aa\\Documents\\uni\\Plan de estudios\\Tercer Año\\2do Cuatri\\Programacion Web Servidor\\practica-final\\bildyapp-api\\src\\middleware\\error-handler.js","statementMap":{"0":{"start":{"line":3,"column":28},"end":{"line":20,"column":1}},"1":{"start":{"line":4,"column":4},"end":{"line":6,"column":5}},"2":{"start":{"line":5,"column":8},"end":{"line":5,"column":49}},"3":{"start":{"line":7,"column":4},"end":{"line":14,"column":5}},"4":{"start":{"line":8,"column":8},"end":{"line":13,"column":11}},"5":{"start":{"line":15,"column":4},"end":{"line":15,"column":45}},"6":{"start":{"line":16,"column":4},"end":{"line":19,"column":7}}},"fnMap":{"0":{"name":"(anonymous_0)","decl":{"start":{"line":3,"column":28},"end":{"line":3,"column":29}},"loc":{"start":{"line":3,"column":53},"end":{"line":20,"column":1}},"line":3}},"branchMap":{"0":{"loc":{"start":{"line":4,"column":4},"end":{"line":6,"column":5}},"type":"if","locations":[{"start":{"line":4,"column":4},"end":{"line":6,"column":5}},{"start":{},"end":{}}],"line":4},"1":{"loc":{"start":{"line":7,"column":4},"end":{"line":14,"column":5}},"type":"if","locations":[{"start":{"line":7,"column":4},"end":{"line":14,"column":5}},{"start":{},"end":{}}],"line":7},"2":{"loc":{"start":{"line":12,"column":16},"end":{"line":12,"column":55}},"type":"binary-expr","locations":[{"start":{"line":12,"column":16},"end":{"line":12,"column":27}},{"start":{"line":12,"column":31},"end":{"line":12,"column":55}}],"line":12}},"s":{"0":4,"1":6,"2":0,"3":6,"4":6,"5":0,"6":0},"f":{"0":6},"b":{"0":[0,6],"1":[6,0],"2":[6,0]},"inputSourceMap":null,"_coverageSchema":"1a1c01bbd47fc00a2c39e90264f33305004495a9","hash":"35f1c5e87affbb3b8cfd9726705d6acdbc9ff54e"}
,"C:\\Users\\aa\\Documents\\uni\\Plan de estudios\\Tercer Año\\2do Cuatri\\Programacion Web Servidor\\practica-final\\bildyapp-api\\src\\middleware\\sanitize.js": {"path":"C:\\Users\\aa\\Documents\\uni\\Plan de estudios\\Tercer Año\\2do Cuatri\\Programacion Web Servidor\\practica-final\\bildyapp-api\\src\\middleware\\sanitize.js","statementMap":{"0":{"start":{"line":1,"column":24},"end":{"line":16,"column":1}},"1":{"start":{"line":2,"column":18},"end":{"line":12,"column":5}},"2":{"start":{"line":3,"column":8},"end":{"line":11,"column":9}},"3":{"start":{"line":4,"column":12},"end":{"line":10,"column":13}},"4":{"start":{"line":5,"column":16},"end":{"line":9,"column":17}},"5":{"start":{"line":6,"column":20},"end":{"line":6,"column":35}},"6":{"start":{"line":8,"column":20},"end":{"line":8,"column":35}},"7":{"start":{"line":13,"column":4},"end":{"line":13,"column":19}},"8":{"start":{"line":14,"column":4},"end":{"line":14,"column":21}},"9":{"start":{"line":15,"column":4},"end":{"line":15,"column":10}}},"fnMap":{"0":{"name":"(anonymous_0)","decl":{"start":{"line":1,"column":24},"end":{"line":1,"column":25}},"loc":{"start":{"line":1,"column":44},"end":{"line":16,"column":1}},"line":1},"1":{"name":"(anonymous_1)","decl":{"start":{"line":2,"column":18},"end":{"line":2,"column":19}},"loc":{"start":{"line":2,"column":27},"end":{"line":12,"column":5}},"line":2}},"branchMap":{"0":{"loc":{"start":{"line":3,"column":8},"end":{"line":11,"column":9}},"type":"if","locations":[{"start":{"line":3,"column":8},"end":{"line":11,"column":9}},{"start":{},"end":{}}],"line":3},"1":{"loc":{"start":{"line":3,"column":12},"end":{"line":3,"column":42}},"type":"binary-expr","locations":[{"start":{"line":3,"column":12},"end":{"line":3,"column":15}},{"start":{"line":3,"column":19},"end":{"line":3,"column":42}}],"line":3},"2":{"loc":{"start":{"line":5,"column":16},"end":{"line":9,"column":17}},"type":"if","locations":[{"start":{"line":5,"column":16},"end":{"line":9,"column":17}},{"start":{"line":7,"column":23},"end":{"line":9,"column":17}}],"line":5},"3":{"loc":{"start":{"line":5,"column":20},"end":{"line":5,"column":60}},"type":"binary-expr","locations":[{"start":{"line":5,"column":20},"end":{"line":5,"column":39}},{"start":{"line":5,"column":43},"end":{"line":5,"column":60}}],"line":5}},"s":{"0":4,"1":100,"2":568,"3":206,"4":368,"5":0,"6":368,"7":100,"8":100,"9":100},"f":{"0":100,"1":568},"b":{"0":[206,362],"1":[568,538],"2":[0,368],"3":[368,368]},"inputSourceMap":null,"_coverageSchema":"1a1c01bbd47fc00a2c39e90264f33305004495a9","hash":"767696984d48d6fe145ed3176d436ca12ed109cb"}
,"C:\\Users\\aa\\Documents\\uni\\Plan de estudios\\Tercer Año\\2do Cuatri\\Programacion Web Servidor\\practica-final\\bildyapp-api\\src\\middleware\\upload.js": {"path":"C:\\Users\\aa\\Documents\\uni\\Plan de estudios\\Tercer Año\\2do Cuatri\\Programacion Web Servidor\\practica-final\\bildyapp-api\\src\\middleware\\upload.js","statementMap":{"0":{"start":{"line":3,"column":16},"end":{"line":10,"column":2}},"1":{"start":{"line":5,"column":8},"end":{"line":5,"column":28}},"2":{"start":{"line":8,"column":8},"end":{"line":8,"column":54}},"3":{"start":{"line":12,"column":15},"end":{"line":12,"column":34}}},"fnMap":{"0":{"name":"(anonymous_0)","decl":{"start":{"line":4,"column":17},"end":{"line":4,"column":18}},"loc":{"start":{"line":4,"column":36},"end":{"line":6,"column":5}},"line":4},"1":{"name":"(anonymous_1)","decl":{"start":{"line":7,"column":14},"end":{"line":7,"column":15}},"loc":{"start":{"line":7,"column":33},"end":{"line":9,"column":5}},"line":7}},"branchMap":{},"s":{"0":4,"1":0,"2":0,"3":4},"f":{"0":0,"1":0},"b":{},"inputSourceMap":null,"_coverageSchema":"1a1c01bbd47fc00a2c39e90264f33305004495a9","hash":"8746ec845e463375a3563fd015cae75e98b9a236"}
,"C:\\Users\\aa\\Documents\\uni\\Plan de estudios\\Tercer Año\\2do Cuatri\\Programacion Web Servidor\\practica-final\\bildyapp-api\\src\\middleware\\validate.js": {"path":"C:\\Users\\aa\\Documents\\uni\\Plan de estudios\\Tercer Año\\2do Cuatri\\Programacion Web Servidor\\practica-final\\bildyapp-api\\src\\middleware\\validate.js","statementMap":{"0":{"start":{"line":3,"column":24},"end":{"line":13,"column":1}},"1":{"start":{"line":3,"column":36},"end":{"line":13,"column":1}},"2":{"start":{"line":4,"column":19},"end":{"line":4,"column":45}},"3":{"start":{"line":5,"column":4},"end":{"line":11,"column":5}},"4":{"start":{"line":6,"column":23},"end":{"line":9,"column":11}},"5":{"start":{"line":6,"column":55},"end":{"line":9,"column":9}},"6":{"start":{"line":10,"column":8},"end":{"line":10,"column":71}},"7":{"start":{"line":12,"column":4},"end":{"line":12,"column":11}}},"fnMap":{"0":{"name":"(anonymous_0)","decl":{"start":{"line":3,"column":24},"end":{"line":3,"column":25}},"loc":{"start":{"line":3,"column":36},"end":{"line":13,"column":1}},"line":3},"1":{"name":"(anonymous_1)","decl":{"start":{"line":3,"column":36},"end":{"line":3,"column":37}},"loc":{"start":{"line":3,"column":56},"end":{"line":13,"column":1}},"line":3},"2":{"name":"(anonymous_2)","decl":{"start":{"line":6,"column":47},"end":{"line":6,"column":48}},"loc":{"start":{"line":6,"column":55},"end":{"line":9,"column":9}},"line":6}},"branchMap":{"0":{"loc":{"start":{"line":5,"column":4},"end":{"line":11,"column":5}},"type":"if","locations":[{"start":{"line":5,"column":4},"end":{"line":11,"column":5}},{"start":{},"end":{}}],"line":5},"1":{"loc":{"start":{"line":7,"column":19},"end":{"line":7,"column":50}},"type":"binary-expr","locations":[{"start":{"line":7,"column":19},"end":{"line":7,"column":37}},{"start":{"line":7,"column":41},"end":{"line":7,"column":50}}],"line":7}},"s":{"0":4,"1":20,"2":58,"3":58,"4":0,"5":0,"6":0,"7":58},"f":{"0":20,"1":58,"2":0},"b":{"0":[0,58],"1":[0,0]},"inputSourceMap":null,"_coverageSchema":"1a1c01bbd47fc00a2c39e90264f33305004495a9","hash":"c3b0e2c6dc6ea0ecd575f795b4520b3372646edb"}
,"C:\\Users\\aa\\Documents\\uni\\Plan de estudios\\Tercer Año\\2do Cuatri\\Programacion Web Servidor\\practica-final\\bildyapp-api\\src\\models\\Client.js": {"path":"C:\\Users\\aa\\Documents\\uni\\Plan de estudios\\Tercer Año\\2do Cuatri\\Programacion Web Servidor\\practica-final\\bildyapp-api\\src\\models\\Client.js","statementMap":{"0":{"start":{"line":3,"column":21},"end":{"line":19,"column":52}},"1":{"start":{"line":21,"column":15},"end":{"line":21,"column":53}}},"fnMap":{},"branchMap":{},"s":{"0":4,"1":4},"f":{},"b":{},"inputSourceMap":null,"_coverageSchema":"1a1c01bbd47fc00a2c39e90264f33305004495a9","hash":"9d1a27220b3d5434f7b9de876c1b8c422d47ddd4"}
,"C:\\Users\\aa\\Documents\\uni\\Plan de estudios\\Tercer Año\\2do Cuatri\\Programacion Web Servidor\\practica-final\\bildyapp-api\\src\\models\\Company.js": {"path":"C:\\Users\\aa\\Documents\\uni\\Plan de estudios\\Tercer Año\\2do Cuatri\\Programacion Web Servidor\\practica-final\\bildyapp-api\\src\\models\\Company.js","statementMap":{"0":{"start":{"line":3,"column":22},"end":{"line":16,"column":55}},"1":{"start":{"line":18,"column":16},"end":{"line":18,"column":56}}},"fnMap":{},"branchMap":{},"s":{"0":4,"1":4},"f":{},"b":{},"inputSourceMap":null,"_coverageSchema":"1a1c01bbd47fc00a2c39e90264f33305004495a9","hash":"4abe26f51a2b6662deaf93ad9d8da778ce550704"}
,"C:\\Users\\aa\\Documents\\uni\\Plan de estudios\\Tercer Año\\2do Cuatri\\Programacion Web Servidor\\practica-final\\bildyapp-api\\src\\models\\DeliveryNote.js": {"path":"C:\\Users\\aa\\Documents\\uni\\Plan de estudios\\Tercer Año\\2do Cuatri\\Programacion Web Servidor\\practica-final\\bildyapp-api\\src\\models\\DeliveryNote.js","statementMap":{"0":{"start":{"line":3,"column":27},"end":{"line":25,"column":52}},"1":{"start":{"line":27,"column":21},"end":{"line":27,"column":71}}},"fnMap":{},"branchMap":{},"s":{"0":4,"1":4},"f":{},"b":{},"inputSourceMap":null,"_coverageSchema":"1a1c01bbd47fc00a2c39e90264f33305004495a9","hash":"566c5bb7a27f26c9d352fda4196c8709a8f744a6"}
,"C:\\Users\\aa\\Documents\\uni\\Plan de estudios\\Tercer Año\\2do Cuatri\\Programacion Web Servidor\\practica-final\\bildyapp-api\\src\\models\\Project.js": {"path":"C:\\Users\\aa\\Documents\\uni\\Plan de estudios\\Tercer Año\\2do Cuatri\\Programacion Web Servidor\\practica-final\\bildyapp-api\\src\\models\\Project.js","statementMap":{"0":{"start":{"line":3,"column":22},"end":{"line":21,"column":52}},"1":{"start":{"line":23,"column":16},"end":{"line":23,"column":56}}},"fnMap":{},"branchMap":{},"s":{"0":4,"1":4},"f":{},"b":{},"inputSourceMap":null,"_coverageSchema":"1a1c01bbd47fc00a2c39e90264f33305004495a9","hash":"e671d764d14d6509485a5e01b77aedbf82dbecbb"}
,"C:\\Users\\aa\\Documents\\uni\\Plan de estudios\\Tercer Año\\2do Cuatri\\Programacion Web Servidor\\practica-final\\bildyapp-api\\src\\models\\User.js": {"path":"C:\\Users\\aa\\Documents\\uni\\Plan de estudios\\Tercer Año\\2do Cuatri\\Programacion Web Servidor\\practica-final\\bildyapp-api\\src\\models\\User.js","statementMap":{"0":{"start":{"line":3,"column":19},"end":{"line":23,"column":1}},"1":{"start":{"line":25,"column":0},"end":{"line":27,"column":3}},"2":{"start":{"line":26,"column":4},"end":{"line":26,"column":42}},"3":{"start":{"line":29,"column":13},"end":{"line":29,"column":47}}},"fnMap":{"0":{"name":"(anonymous_0)","decl":{"start":{"line":25,"column":35},"end":{"line":25,"column":36}},"loc":{"start":{"line":25,"column":46},"end":{"line":27,"column":1}},"line":25}},"branchMap":{},"s":{"0":4,"1":4,"2":0,"3":4},"f":{"0":0},"b":{},"inputSourceMap":null,"_coverageSchema":"1a1c01bbd47fc00a2c39e90264f33305004495a9","hash":"73d38d3626a1aae000b1c39a3d5606c3d913a905"}
,"C:\\Users\\aa\\Documents\\uni\\Plan de estudios\\Tercer Año\\2do Cuatri\\Programacion Web Servidor\\practica-final\\bildyapp-api\\src\\routes\\client.routes.js": {"path":"C:\\Users\\aa\\Documents\\uni\\Plan de estudios\\Tercer Año\\2do Cuatri\\Programacion Web Servidor\\practica-final\\bildyapp-api\\src\\routes\\client.routes.js","statementMap":{"0":{"start":{"line":5,"column":15},"end":{"line":5,"column":23}},"1":{"start":{"line":33,"column":0},"end":{"line":33,"column":46}},"2":{"start":{"line":46,"column":0},"end":{"line":46,"column":43}},"3":{"start":{"line":65,"column":0},"end":{"line":65,"column":48}},"4":{"start":{"line":84,"column":0},"end":{"line":84,"column":51}},"5":{"start":{"line":97,"column":0},"end":{"line":97,"column":59}},"6":{"start":{"line":118,"column":0},"end":{"line":118,"column":45}},"7":{"start":{"line":137,"column":0},"end":{"line":137,"column":59}}},"fnMap":{},"branchMap":{},"s":{"0":4,"1":4,"2":4,"3":4,"4":4,"5":4,"6":4,"7":4},"f":{},"b":{},"inputSourceMap":null,"_coverageSchema":"1a1c01bbd47fc00a2c39e90264f33305004495a9","hash":"3826bcec3187e0d5197d4ce226df08bd06dd8d72"}
,"C:\\Users\\aa\\Documents\\uni\\Plan de estudios\\Tercer Año\\2do Cuatri\\Programacion Web Servidor\\practica-final\\bildyapp-api\\src\\routes\\deliverynote.routes.js": {"path":"C:\\Users\\aa\\Documents\\uni\\Plan de estudios\\Tercer Año\\2do Cuatri\\Programacion Web Servidor\\practica-final\\bildyapp-api\\src\\routes\\deliverynote.routes.js","statementMap":{"0":{"start":{"line":4,"column":15},"end":{"line":4,"column":23}},"1":{"start":{"line":34,"column":0},"end":{"line":34,"column":52}},"2":{"start":{"line":47,"column":0},"end":{"line":47,"column":49}},"3":{"start":{"line":68,"column":0},"end":{"line":68,"column":58}},"4":{"start":{"line":89,"column":0},"end":{"line":89,"column":51}},"5":{"start":{"line":110,"column":0},"end":{"line":110,"column":57}},"6":{"start":{"line":131,"column":0},"end":{"line":131,"column":59}}},"fnMap":{},"branchMap":{},"s":{"0":4,"1":4,"2":4,"3":4,"4":4,"5":4,"6":4},"f":{},"b":{},"inputSourceMap":null,"_coverageSchema":"1a1c01bbd47fc00a2c39e90264f33305004495a9","hash":"a4ccfb4248b455ba0ed6a421ab0a5d060144eb12"}
,"C:\\Users\\aa\\Documents\\uni\\Plan de estudios\\Tercer Año\\2do Cuatri\\Programacion Web Servidor\\practica-final\\bildyapp-api\\src\\routes\\index.js": {"path":"C:\\Users\\aa\\Documents\\uni\\Plan de estudios\\Tercer Año\\2do Cuatri\\Programacion Web Servidor\\practica-final\\bildyapp-api\\src\\routes\\index.js","statementMap":{"0":{"start":{"line":8,"column":15},"end":{"line":8,"column":23}},"1":{"start":{"line":10,"column":0},"end":{"line":10,"column":32}},"2":{"start":{"line":11,"column":0},"end":{"line":11,"column":36}},"3":{"start":{"line":12,"column":0},"end":{"line":12,"column":38}},"4":{"start":{"line":13,"column":0},"end":{"line":13,"column":49}}},"fnMap":{},"branchMap":{},"s":{"0":4,"1":4,"2":4,"3":4,"4":4},"f":{},"b":{},"inputSourceMap":null,"_coverageSchema":"1a1c01bbd47fc00a2c39e90264f33305004495a9","hash":"857c146be0d0d7703da8b645c378f63077065855"}
,"C:\\Users\\aa\\Documents\\uni\\Plan de estudios\\Tercer Año\\2do Cuatri\\Programacion Web Servidor\\practica-final\\bildyapp-api\\src\\routes\\project.routes.js": {"path":"C:\\Users\\aa\\Documents\\uni\\Plan de estudios\\Tercer Año\\2do Cuatri\\Programacion Web Servidor\\practica-final\\bildyapp-api\\src\\routes\\project.routes.js","statementMap":{"0":{"start":{"line":5,"column":15},"end":{"line":5,"column":23}},"1":{"start":{"line":33,"column":0},"end":{"line":33,"column":47}},"2":{"start":{"line":46,"column":0},"end":{"line":46,"column":44}},"3":{"start":{"line":59,"column":0},"end":{"line":59,"column":60}},"4":{"start":{"line":80,"column":0},"end":{"line":80,"column":46}},"5":{"start":{"line":99,"column":0},"end":{"line":99,"column":49}},"6":{"start":{"line":118,"column":0},"end":{"line":118,"column":52}},"7":{"start":{"line":138,"column":0},"end":{"line":138,"column":60}}},"fnMap":{},"branchMap":{},"s":{"0":4,"1":4,"2":4,"3":4,"4":4,"5":4,"6":4,"7":4},"f":{},"b":{},"inputSourceMap":null,"_coverageSchema":"1a1c01bbd47fc00a2c39e90264f33305004495a9","hash":"b8d6b1a2bd3b3edaaf6004971fff2b1d29c48948"}
,"C:\\Users\\aa\\Documents\\uni\\Plan de estudios\\Tercer Año\\2do Cuatri\\Programacion Web Servidor\\practica-final\\bildyapp-api\\src\\routes\\user.routes.js": {"path":"C:\\Users\\aa\\Documents\\uni\\Plan de estudios\\Tercer Año\\2do Cuatri\\Programacion Web Servidor\\practica-final\\bildyapp-api\\src\\routes\\user.routes.js","statementMap":{"0":{"start":{"line":8,"column":15},"end":{"line":8,"column":23}},"1":{"start":{"line":35,"column":0},"end":{"line":35,"column":61}},"2":{"start":{"line":36,"column":0},"end":{"line":36,"column":85}},"3":{"start":{"line":37,"column":0},"end":{"line":37,"column":52}},"4":{"start":{"line":38,"column":0},"end":{"line":38,"column":90}},"5":{"start":{"line":64,"column":0},"end":{"line":64,"column":81}},"6":{"start":{"line":86,"column":0},"end":{"line":86,"column":73}},"7":{"start":{"line":101,"column":0},"end":{"line":101,"column":41}}},"fnMap":{},"branchMap":{},"s":{"0":4,"1":4,"2":4,"3":4,"4":4,"5":4,"6":4,"7":4},"f":{},"b":{},"inputSourceMap":null,"_coverageSchema":"1a1c01bbd47fc00a2c39e90264f33305004495a9","hash":"ea3ed4a41397f75c2987c91f97ff8a8104b862fd"}
,"C:\\Users\\aa\\Documents\\uni\\Plan de estudios\\Tercer Año\\2do Cuatri\\Programacion Web Servidor\\practica-final\\bildyapp-api\\src\\services\\notification.service.js": {"path":"C:\\Users\\aa\\Documents\\uni\\Plan de estudios\\Tercer Año\\2do Cuatri\\Programacion Web Servidor\\practica-final\\bildyapp-api\\src\\services\\notification.service.js","statementMap":{"0":{"start":{"line":3,"column":16},"end":{"line":3,"column":34}},"1":{"start":{"line":6,"column":0},"end":{"line":8,"column":2}},"2":{"start":{"line":7,"column":4},"end":{"line":7,"column":44}},"3":{"start":{"line":10,"column":0},"end":{"line":12,"column":2}},"4":{"start":{"line":11,"column":4},"end":{"line":11,"column":44}},"5":{"start":{"line":14,"column":0},"end":{"line":16,"column":2}},"6":{"start":{"line":15,"column":4},"end":{"line":15,"column":42}},"7":{"start":{"line":18,"column":0},"end":{"line":20,"column":2}},"8":{"start":{"line":19,"column":4},"end":{"line":19,"column":43}},"9":{"start":{"line":23,"column":0},"end":{"line":25,"column":2}},"10":{"start":{"line":24,"column":4},"end":{"line":24,"column":52}},"11":{"start":{"line":27,"column":0},"end":{"line":29,"column":2}},"12":{"start":{"line":28,"column":4},"end":{"line":28,"column":45}},"13":{"start":{"line":31,"column":0},"end":{"line":33,"column":2}},"14":{"start":{"line":32,"column":4},"end":{"line":32,"column":44}},"15":{"start":{"line":35,"column":0},"end":{"line":37,"column":2}},"16":{"start":{"line":36,"column":4},"end":{"line":36,"column":51}}},"fnMap":{"0":{"name":"(anonymous_0)","decl":{"start":{"line":6,"column":30},"end":{"line":6,"column":31}},"loc":{"start":{"line":6,"column":40},"end":{"line":8,"column":1}},"line":6},"1":{"name":"(anonymous_1)","decl":{"start":{"line":10,"column":28},"end":{"line":10,"column":29}},"loc":{"start":{"line":10,"column":38},"end":{"line":12,"column":1}},"line":10},"2":{"name":"(anonymous_2)","decl":{"start":{"line":14,"column":27},"end":{"line":14,"column":28}},"loc":{"start":{"line":14,"column":37},"end":{"line":16,"column":1}},"line":14},"3":{"name":"(anonymous_3)","decl":{"start":{"line":18,"column":27},"end":{"line":18,"column":28}},"loc":{"start":{"line":18,"column":37},"end":{"line":20,"column":1}},"line":18},"4":{"name":"(anonymous_4)","decl":{"start":{"line":23,"column":25},"end":{"line":23,"column":26}},"loc":{"start":{"line":23,"column":35},"end":{"line":25,"column":1}},"line":23},"5":{"name":"(anonymous_5)","decl":{"start":{"line":27,"column":27},"end":{"line":27,"column":28}},"loc":{"start":{"line":27,"column":37},"end":{"line":29,"column":1}},"line":27},"6":{"name":"(anonymous_6)","decl":{"start":{"line":31,"column":27},"end":{"line":31,"column":28}},"loc":{"start":{"line":31,"column":37},"end":{"line":33,"column":1}},"line":31},"7":{"name":"(anonymous_7)","decl":{"start":{"line":35,"column":26},"end":{"line":35,"column":27}},"loc":{"start":{"line":35,"column":36},"end":{"line":37,"column":1}},"line":35}},"branchMap":{},"s":{"0":4,"1":4,"2":20,"3":4,"4":0,"5":4,"6":0,"7":4,"8":0,"9":4,"10":1,"11":4,"12":36,"13":4,"14":0,"15":4,"16":0},"f":{"0":20,"1":0,"2":0,"3":0,"4":1,"5":36,"6":0,"7":0},"b":{},"inputSourceMap":null,"_coverageSchema":"1a1c01bbd47fc00a2c39e90264f33305004495a9","hash":"b16a7d0957f49f47df39d49a04a13298b588d92f"}
,"C:\\Users\\aa\\Documents\\uni\\Plan de estudios\\Tercer Año\\2do Cuatri\\Programacion Web Servidor\\practica-final\\bildyapp-api\\src\\utils\\AppError.js": {"path":"C:\\Users\\aa\\Documents\\uni\\Plan de estudios\\Tercer Año\\2do Cuatri\\Programacion Web Servidor\\practica-final\\bildyapp-api\\src\\utils\\AppError.js","statementMap":{"0":{"start":{"line":3,"column":8},"end":{"line":3,"column":23}},"1":{"start":{"line":4,"column":8},"end":{"line":4,"column":37}},"2":{"start":{"line":5,"column":8},"end":{"line":5,"column":25}},"3":{"start":{"line":6,"column":8},"end":{"line":6,"column":34}},"4":{"start":{"line":8,"column":8},"end":{"line":8,"column":56}},"5":{"start":{"line":12,"column":8},"end":{"line":12,"column":48}},"6":{"start":{"line":15,"column":8},"end":{"line":15,"column":48}},"7":{"start":{"line":18,"column":8},"end":{"line":18,"column":48}},"8":{"start":{"line":21,"column":8},"end":{"line":21,"column":68}},"9":{"start":{"line":24,"column":8},"end":{"line":24,"column":48}},"10":{"start":{"line":27,"column":22},"end":{"line":27,"column":68}},"11":{"start":{"line":28,"column":8},"end":{"line":28,"column":32}},"12":{"start":{"line":29,"column":8},"end":{"line":29,"column":21}},"13":{"start":{"line":32,"column":8},"end":{"line":32,"column":48}},"14":{"start":{"line":35,"column":8},"end":{"line":35,"column":48}}},"fnMap":{"0":{"name":"(anonymous_0)","decl":{"start":{"line":2,"column":4},"end":{"line":2,"column":5}},"loc":{"start":{"line":2,"column":55},"end":{"line":9,"column":5}},"line":2},"1":{"name":"(anonymous_1)","decl":{"start":{"line":11,"column":4},"end":{"line":11,"column":5}},"loc":{"start":{"line":11,"column":76},"end":{"line":13,"column":5}},"line":11},"2":{"name":"(anonymous_2)","decl":{"start":{"line":14,"column":4},"end":{"line":14,"column":5}},"loc":{"start":{"line":14,"column":74},"end":{"line":16,"column":5}},"line":14},"3":{"name":"(anonymous_3)","decl":{"start":{"line":17,"column":4},"end":{"line":17,"column":5}},"loc":{"start":{"line":17,"column":71},"end":{"line":19,"column":5}},"line":17},"4":{"name":"(anonymous_4)","decl":{"start":{"line":20,"column":4},"end":{"line":20,"column":5}},"loc":{"start":{"line":20,"column":62},"end":{"line":22,"column":5}},"line":20},"5":{"name":"(anonymous_5)","decl":{"start":{"line":23,"column":4},"end":{"line":23,"column":5}},"loc":{"start":{"line":23,"column":84},"end":{"line":25,"column":5}},"line":23},"6":{"name":"(anonymous_6)","decl":{"start":{"line":26,"column":4},"end":{"line":26,"column":5}},"loc":{"start":{"line":26,"column":69},"end":{"line":30,"column":5}},"line":26},"7":{"name":"(anonymous_7)","decl":{"start":{"line":31,"column":4},"end":{"line":31,"column":5}},"loc":{"start":{"line":31,"column":83},"end":{"line":33,"column":5}},"line":31},"8":{"name":"(anonymous_8)","decl":{"start":{"line":34,"column":4},"end":{"line":34,"column":5}},"loc":{"start":{"line":34,"column":85},"end":{"line":36,"column":5}},"line":34}},"branchMap":{"0":{"loc":{"start":{"line":2,"column":25},"end":{"line":2,"column":41}},"type":"default-arg","locations":[{"start":{"line":2,"column":38},"end":{"line":2,"column":41}}],"line":2},"1":{"loc":{"start":{"line":2,"column":43},"end":{"line":2,"column":54}},"type":"default-arg","locations":[{"start":{"line":2,"column":50},"end":{"line":2,"column":54}}],"line":2},"2":{"loc":{"start":{"line":11,"column":22},"end":{"line":11,"column":52}},"type":"default-arg","locations":[{"start":{"line":11,"column":32},"end":{"line":11,"column":52}}],"line":11},"3":{"loc":{"start":{"line":11,"column":54},"end":{"line":11,"column":74}},"type":"default-arg","locations":[{"start":{"line":11,"column":61},"end":{"line":11,"column":74}}],"line":11},"4":{"loc":{"start":{"line":14,"column":24},"end":{"line":14,"column":49}},"type":"default-arg","locations":[{"start":{"line":14,"column":34},"end":{"line":14,"column":49}}],"line":14},"5":{"loc":{"start":{"line":14,"column":51},"end":{"line":14,"column":72}},"type":"default-arg","locations":[{"start":{"line":14,"column":58},"end":{"line":14,"column":72}}],"line":14},"6":{"loc":{"start":{"line":17,"column":21},"end":{"line":17,"column":49}},"type":"default-arg","locations":[{"start":{"line":17,"column":31},"end":{"line":17,"column":49}}],"line":17},"7":{"loc":{"start":{"line":17,"column":51},"end":{"line":17,"column":69}},"type":"default-arg","locations":[{"start":{"line":17,"column":58},"end":{"line":17,"column":69}}],"line":17},"8":{"loc":{"start":{"line":20,"column":20},"end":{"line":20,"column":40}},"type":"default-arg","locations":[{"start":{"line":20,"column":31},"end":{"line":20,"column":40}}],"line":20},"9":{"loc":{"start":{"line":20,"column":42},"end":{"line":20,"column":60}},"type":"default-arg","locations":[{"start":{"line":20,"column":49},"end":{"line":20,"column":60}}],"line":20},"10":{"loc":{"start":{"line":23,"column":20},"end":{"line":23,"column":63}},"type":"default-arg","locations":[{"start":{"line":23,"column":30},"end":{"line":23,"column":63}}],"line":23},"11":{"loc":{"start":{"line":23,"column":65},"end":{"line":23,"column":82}},"type":"default-arg","locations":[{"start":{"line":23,"column":72},"end":{"line":23,"column":82}}],"line":23},"12":{"loc":{"start":{"line":26,"column":22},"end":{"line":26,"column":53}},"type":"default-arg","locations":[{"start":{"line":26,"column":32},"end":{"line":26,"column":53}}],"line":26},"13":{"loc":{"start":{"line":26,"column":55},"end":{"line":26,"column":67}},"type":"default-arg","locations":[{"start":{"line":26,"column":65},"end":{"line":26,"column":67}}],"line":26},"14":{"loc":{"start":{"line":31,"column":27},"end":{"line":31,"column":60}},"type":"default-arg","locations":[{"start":{"line":31,"column":37},"end":{"line":31,"column":60}}],"line":31},"15":{"loc":{"start":{"line":31,"column":62},"end":{"line":31,"column":81}},"type":"default-arg","locations":[{"start":{"line":31,"column":69},"end":{"line":31,"column":81}}],"line":31},"16":{"loc":{"start":{"line":34,"column":20},"end":{"line":34,"column":58}},"type":"default-arg","locations":[{"start":{"line":34,"column":30},"end":{"line":34,"column":58}}],"line":34},"17":{"loc":{"start":{"line":34,"column":60},"end":{"line":34,"column":83}},"type":"default-arg","locations":[{"start":{"line":34,"column":67},"end":{"line":34,"column":83}}],"line":34}},"s":{"0":6,"1":6,"2":6,"3":6,"4":6,"5":0,"6":1,"7":0,"8":1,"9":1,"10":0,"11":0,"12":0,"13":0,"14":0},"f":{"0":6,"1":0,"2":1,"3":0,"4":1,"5":1,"6":0,"7":0,"8":0},"b":{"0":[0],"1":[3],"2":[0],"3":[0],"4":[0],"5":[1],"6":[0],"7":[0],"8":[0],"9":[1],"10":[0],"11":[1],"12":[0],"13":[0],"14":[0],"15":[0],"16":[0],"17":[0]},"inputSourceMap":null,"_coverageSchema":"1a1c01bbd47fc00a2c39e90264f33305004495a9","hash":"a2537923ed5aa55a3d196d3bd69629b7f03a035b"}
,"C:\\Users\\aa\\Documents\\uni\\Plan de estudios\\Tercer Año\\2do Cuatri\\Programacion Web Servidor\\practica-final\\bildyapp-api\\src\\validators\\user.validator.js": {"path":"C:\\Users\\aa\\Documents\\uni\\Plan de estudios\\Tercer Año\\2do Cuatri\\Programacion Web Servidor\\practica-final\\bildyapp-api\\src\\validators\\user.validator.js","statementMap":{"0":{"start":{"line":3,"column":30},"end":{"line":6,"column":2}},"1":{"start":{"line":4,"column":49},"end":{"line":4,"column":66}},"2":{"start":{"line":8,"column":27},"end":{"line":11,"column":2}},"3":{"start":{"line":9,"column":49},"end":{"line":9,"column":66}},"4":{"start":{"line":13,"column":34},"end":{"line":15,"column":2}},"5":{"start":{"line":17,"column":34},"end":{"line":21,"column":2}},"6":{"start":{"line":23,"column":29},"end":{"line":34,"column":2}},"7":{"start":{"line":36,"column":36},"end":{"line":42,"column":2}},"8":{"start":{"line":39,"column":20},"end":{"line":39,"column":61}}},"fnMap":{"0":{"name":"(anonymous_0)","decl":{"start":{"line":4,"column":40},"end":{"line":4,"column":41}},"loc":{"start":{"line":4,"column":49},"end":{"line":4,"column":66}},"line":4},"1":{"name":"(anonymous_1)","decl":{"start":{"line":9,"column":40},"end":{"line":9,"column":41}},"loc":{"start":{"line":9,"column":49},"end":{"line":9,"column":66}},"line":9},"2":{"name":"(anonymous_2)","decl":{"start":{"line":39,"column":10},"end":{"line":39,"column":11}},"loc":{"start":{"line":39,"column":20},"end":{"line":39,"column":61}},"line":39}},"branchMap":{},"s":{"0":4,"1":20,"2":4,"3":2,"4":4,"5":4,"6":4,"7":4,"8":0},"f":{"0":20,"1":2,"2":0},"b":{},"inputSourceMap":null,"_coverageSchema":"1a1c01bbd47fc00a2c39e90264f33305004495a9","hash":"198b001d1c3942b62db69827019cf9abca098d31"}
,"C:\\Users\\aa\\Documents\\uni\\Plan de estudios\\Tercer Año\\2do Cuatri\\Programacion Web Servidor\\practica-final\\bildyapp-api\\tests\\setup.js": {"path":"C:\\Users\\aa\\Documents\\uni\\Plan de estudios\\Tercer Año\\2do Cuatri\\Programacion Web Servidor\\practica-final\\bildyapp-api\\tests\\setup.js","statementMap":{"0":{"start":{"line":7,"column":23},"end":{"line":11,"column":1}},"1":{"start":{"line":8,"column":4},"end":{"line":8,"column":50}},"2":{"start":{"line":9,"column":16},"end":{"line":9,"column":36}},"3":{"start":{"line":10,"column":4},"end":{"line":10,"column":31}},"4":{"start":{"line":13,"column":29},"end":{"line":17,"column":1}},"5":{"start":{"line":14,"column":4},"end":{"line":14,"column":44}},"6":{"start":{"line":15,"column":4},"end":{"line":15,"column":37}},"7":{"start":{"line":16,"column":4},"end":{"line":16,"column":28}},"8":{"start":{"line":19,"column":29},"end":{"line":24,"column":1}},"9":{"start":{"line":20,"column":24},"end":{"line":20,"column":55}},"10":{"start":{"line":21,"column":4},"end":{"line":23,"column":5}},"11":{"start":{"line":22,"column":8},"end":{"line":22,"column":45}}},"fnMap":{"0":{"name":"(anonymous_0)","decl":{"start":{"line":7,"column":23},"end":{"line":7,"column":24}},"loc":{"start":{"line":7,"column":35},"end":{"line":11,"column":1}},"line":7},"1":{"name":"(anonymous_1)","decl":{"start":{"line":13,"column":29},"end":{"line":13,"column":30}},"loc":{"start":{"line":13,"column":41},"end":{"line":17,"column":1}},"line":13},"2":{"name":"(anonymous_2)","decl":{"start":{"line":19,"column":29},"end":{"line":19,"column":30}},"loc":{"start":{"line":19,"column":41},"end":{"line":24,"column":1}},"line":19}},"branchMap":{},"s":{"0":4,"1":4,"2":4,"3":4,"4":4,"5":4,"6":4,"7":4,"8":4,"9":22,"10":22,"11":110},"f":{"0":4,"1":4,"2":22},"b":{},"inputSourceMap":null,"_coverageSchema":"1a1c01bbd47fc00a2c39e90264f33305004495a9","hash":"a4d94b576983f1598d52c3061374a8c3f40413d4"}
}
