TN:
SF:src\app.js
FNF:0
FNH:0
DA:11,4
DA:13,4
DA:14,4
DA:15,4
DA:19,4
DA:20,4
DA:21,4
DA:22,4
DA:23,4
LF:9
LH:9
BRF:0
BRH:0
end_of_record
TN:
SF:src\config\index.js
FNF:0
FNH:0
DA:1,4
LF:1
LH:1
BRF:0
BRH:0
end_of_record
TN:
SF:src\config\socket.js
FN:5,(anonymous_0)
FN:12,(anonymous_1)
FN:14,(anonymous_2)
FN:14,(anonymous_3)
FNF:4
FNH:3
FNDA:0,(anonymous_0)
FNDA:36,(anonymous_1)
FNDA:36,(anonymous_2)
FNDA:36,(anonymous_3)
DA:5,4
DA:6,0
DA:9,0
DA:12,4
DA:13,36
DA:14,36
DA:16,0
LF:7
LH:4
BRDA:13,0,0,36
BRDA:13,0,1,0
BRF:2
BRH:1
end_of_record
TN:
SF:src\config\swagger.js
FNF:0
FNH:0
DA:3,4
DA:26,4
LF:2
LH:2
BRF:0
BRH:0
end_of_record
TN:
SF:src\controllers\client.controller.js
FN:8,(anonymous_0)
FN:38,(anonymous_1)
FN:78,(anonymous_2)
FN:102,(anonymous_3)
FN:130,(anonymous_4)
FN:158,(anonymous_5)
FN:178,(anonymous_6)
FNF:7
FNH:6
FNDA:19,(anonymous_0)
FNDA:1,(anonymous_1)
FNDA:2,(anonymous_2)
FNDA:1,(anonymous_3)
FNDA:2,(anonymous_4)
FNDA:1,(anonymous_5)
FNDA:0,(anonymous_6)
DA:8,4
DA:9,19
DA:10,19
DA:11,19
DA:12,19
DA:13,0
DA:15,19
DA:19,19
DA:20,1
DA:22,18
DA:27,18
DA:28,18
DA:29,18
DA:34,0
DA:38,4
DA:39,1
DA:40,1
DA:41,1
DA:42,1
DA:45,1
DA:48,1
DA:52,1
DA:55,1
DA:56,1
DA:57,1
DA:59,1
DA:64,1
DA:74,0
DA:78,4
DA:79,2
DA:80,2
DA:81,2
DA:82,2
DA:83,0
DA:85,2
DA:90,2
DA:91,1
DA:93,1
DA:98,1
DA:102,4
DA:103,1
DA:104,1
DA:105,1
DA:106,1
DA:107,0
DA:109,1
DA:118,1
DA:119,0
DA:121,1
DA:126,0
DA:130,4
DA:131,2
DA:132,2
DA:133,2
DA:134,2
DA:135,0
DA:137,2
DA:146,2
DA:147,0
DA:149,2
DA:154,0
DA:158,4
DA:159,1
DA:160,1
DA:161,1
DA:162,1
DA:163,0
DA:165,1
DA:169,1
DA:174,0
DA:178,4
DA:179,0
DA:180,0
DA:181,0
DA:182,0
DA:183,0
DA:185,0
DA:194,0
DA:195,0
DA:197,0
DA:202,0
LF:81
LH:59
BRDA:12,0,0,0
BRDA:12,0,1,19
BRDA:19,1,0,1
BRDA:19,1,1,18
BRDA:42,2,0,0
BRDA:42,2,1,1
BRDA:45,3,0,1
BRDA:45,4,0,1
BRDA:45,5,0,1
BRDA:52,6,0,0
BRDA:52,6,1,1
BRDA:82,7,0,0
BRDA:82,7,1,2
BRDA:90,8,0,1
BRDA:90,8,1,1
BRDA:106,9,0,0
BRDA:106,9,1,1
BRDA:118,10,0,0
BRDA:118,10,1,1
BRDA:134,11,0,0
BRDA:134,11,1,2
BRDA:146,12,0,0
BRDA:146,12,1,2
BRDA:162,13,0,0
BRDA:162,13,1,1
BRDA:182,14,0,0
BRDA:182,14,1,0
BRDA:194,15,0,0
BRDA:194,15,1,0
BRF:29
BRH:16
end_of_record
TN:
SF:src\controllers\deliverynote.controller.js
FN:12,(anonymous_0)
FN:43,(anonymous_1)
FN:89,(anonymous_2)
FN:112,(anonymous_3)
FN:142,(anonymous_4)
FN:177,(anonymous_5)
FNF:6
FNH:5
FNDA:6,(anonymous_0)
FNDA:1,(anonymous_1)
FNDA:0,(anonymous_2)
FNDA:1,(anonymous_3)
FNDA:1,(anonymous_4)
FNDA:1,(anonymous_5)
DA:12,4
DA:13,6
DA:14,6
DA:16,6
DA:17,6
DA:18,0
DA:20,6
DA:25,6
DA:26,1
DA:28,5
DA:34,5
DA:35,5
DA:40,1
DA:43,4
DA:44,1
DA:45,1
DA:46,1
DA:47,1
DA:49,1
DA:51,1
DA:55,1
DA:56,1
DA:57,1
DA:58,1
DA:59,1
DA:60,0
DA:61,0
DA:62,0
DA:65,1
DA:66,1
DA:67,1
DA:69,1
DA:75,1
DA:85,0
DA:89,4
DA:90,0
DA:91,0
DA:92,0
DA:93,0
DA:94,0
DA:96,0
DA:101,0
DA:102,0
DA:104,0
DA:109,0
DA:112,4
DA:113,1
DA:114,1
DA:115,1
DA:116,1
DA:117,0
DA:119,1
DA:124,1
DA:125,0
DA:127,1
DA:128,0
DA:131,1
DA:132,1
DA:133,1
DA:138,0
DA:142,4
DA:143,1
DA:144,1
DA:145,1
DA:146,1
DA:147,0
DA:149,1
DA:154,1
DA:155,0
DA:157,1
DA:158,0
DA:161,1
DA:162,1
DA:163,1
DA:164,1
DA:165,1
DA:166,1
DA:167,1
DA:168,1
DA:173,0
DA:177,4
DA:178,1
DA:179,1
DA:180,1
DA:181,1
DA:183,1
DA:189,1
DA:191,1
DA:192,1
DA:193,1
DA:194,1
DA:196,0
LF:92
LH:68
BRDA:17,0,0,0
BRDA:17,0,1,6
BRDA:25,1,0,1
BRDA:25,1,1,5
BRDA:47,2,0,0
BRDA:47,2,1,1
BRDA:49,3,0,1
BRDA:49,4,0,1
BRDA:49,5,0,1
BRDA:55,6,0,0
BRDA:55,6,1,1
BRDA:56,7,0,0
BRDA:56,7,1,1
BRDA:57,8,0,0
BRDA:57,8,1,1
BRDA:58,9,0,0
BRDA:58,9,1,1
BRDA:59,10,0,0
BRDA:59,10,1,1
BRDA:59,11,0,1
BRDA:59,11,1,1
BRDA:61,12,0,0
BRDA:61,12,1,0
BRDA:62,13,0,0
BRDA:62,13,1,0
BRDA:93,14,0,0
BRDA:93,14,1,0
BRDA:101,15,0,0
BRDA:101,15,1,0
BRDA:116,16,0,0
BRDA:116,16,1,1
BRDA:124,17,0,0
BRDA:124,17,1,1
BRDA:127,18,0,0
BRDA:127,18,1,1
BRDA:146,19,0,0
BRDA:146,19,1,1
BRDA:154,20,0,0
BRDA:154,20,1,1
BRDA:157,21,0,0
BRDA:157,21,1,1
BRDA:181,22,0,0
BRDA:181,22,1,1
BRDA:189,23,0,0
BRDA:189,23,1,1
BRF:45
BRH:22
end_of_record
TN:
SF:src\controllers\project.controller.js
FN:8,(anonymous_0)
FN:37,(anonymous_1)
FN:76,(anonymous_2)
FN:100,(anonymous_3)
FN:128,(anonymous_4)
FN:153,(anonymous_5)
FN:173,(anonymous_6)
FNF:7
FNH:6
FNDA:13,(anonymous_0)
FNDA:1,(anonymous_1)
FNDA:1,(anonymous_2)
FNDA:1,(anonymous_3)
FNDA:2,(anonymous_4)
FNDA:1,(anonymous_5)
FNDA:0,(anonymous_6)
DA:8,4
DA:9,13
DA:10,13
DA:11,13
DA:12,13
DA:13,0
DA:15,13
DA:20,13
DA:21,1
DA:23,12
DA:28,12
DA:29,12
DA:34,1
DA:37,4
DA:38,1
DA:39,1
DA:40,1
DA:41,1
DA:43,1
DA:45,1
DA:49,1
DA:50,1
DA:51,1
DA:53,1
DA:54,1
DA:55,1
DA:57,1
DA:62,1
DA:72,0
DA:76,4
DA:77,1
DA:78,1
DA:79,1
DA:80,1
DA:81,0
DA:83,1
DA:88,1
DA:89,0
DA:91,1
DA:96,0
DA:100,4
DA:101,1
DA:102,1
DA:103,1
DA:104,1
DA:105,0
DA:107,1
DA:112,1
DA:113,0
DA:115,1
DA:119,1
DA:124,0
DA:128,4
DA:129,2
DA:130,2
DA:131,2
DA:132,2
DA:133,0
DA:135,2
DA:144,2
DA:145,0
DA:147,2
DA:149,0
DA:153,4
DA:154,1
DA:155,1
DA:156,1
DA:157,1
DA:158,0
DA:160,1
DA:164,1
DA:169,0
DA:173,4
DA:174,0
DA:175,0
DA:176,0
DA:177,0
DA:178,0
DA:180,0
DA:187,0
DA:188,0
DA:190,0
DA:195,0
LF:83
LH:60
BRDA:12,0,0,0
BRDA:12,0,1,13
BRDA:20,1,0,1
BRDA:20,1,1,12
BRDA:41,2,0,0
BRDA:41,2,1,1
BRDA:43,3,0,1
BRDA:43,4,0,1
BRDA:43,5,0,1
BRDA:49,6,0,0
BRDA:49,6,1,1
BRDA:50,7,0,0
BRDA:50,7,1,1
BRDA:51,8,0,0
BRDA:51,8,1,1
BRDA:80,9,0,0
BRDA:80,9,1,1
BRDA:88,10,0,0
BRDA:88,10,1,1
BRDA:104,11,0,0
BRDA:104,11,1,1
BRDA:112,12,0,0
BRDA:112,12,1,1
BRDA:132,13,0,0
BRDA:132,13,1,2
BRDA:144,14,0,0
BRDA:144,14,1,2
BRDA:157,15,0,0
BRDA:157,15,1,1
BRDA:177,16,0,0
BRDA:177,16,1,0
BRDA:187,17,0,0
BRDA:187,17,1,0
BRF:33
BRH:17
end_of_record
TN:
SF:src\controllers\user.controller.js
FN:9,(anonymous_0)
FN:48,(anonymous_1)
FN:85,(anonymous_2)
FN:124,(anonymous_3)
FN:156,(anonymous_4)
FN:212,(anonymous_5)
FN:243,(anonymous_6)
FN:272,(anonymous_7)
FN:289,(anonymous_8)
FN:298,(anonymous_9)
FN:323,(anonymous_10)
FN:362,(anonymous_11)
FNF:12
FNH:9
FNDA:34,(anonymous_0)
FNDA:0,(anonymous_1)
FNDA:3,(anonymous_2)
FNDA:24,(anonymous_3)
FNDA:23,(anonymous_4)
FNDA:0,(anonymous_5)
FNDA:1,(anonymous_6)
FNDA:0,(anonymous_7)
FNDA:1,(anonymous_8)
FNDA:2,(anonymous_9)
FNDA:1,(anonymous_10)
FNDA:1,(anonymous_11)
DA:9,4
DA:10,34
DA:12,34
DA:13,34
DA:14,34
DA:15,1
DA:19,33
DA:20,33
DA:21,33
DA:24,33
DA:25,33
DA:28,33
DA:29,33
DA:32,33
DA:43,0
DA:48,4
DA:49,0
DA:51,0
DA:52,0
DA:55,0
DA:59,0
DA:60,0
DA:63,0
DA:64,0
DA:67,0
DA:68,0
DA:69,0
DA:70,0
DA:73,0
DA:74,0
DA:75,0
DA:76,0
DA:77,0
DA:81,0
DA:85,4
DA:86,3
DA:88,3
DA:89,3
DA:90,3
DA:91,2
DA:95,1
DA:96,1
DA:97,0
DA:101,1
DA:102,1
DA:105,1
DA:108,1
DA:119,0
DA:124,4
DA:125,24
DA:127,24
DA:128,24
DA:131,24
DA:132,24
DA:133,0
DA:135,24
DA:138,24
DA:152,0
DA:156,4
DA:157,23
DA:159,23
DA:160,23
DA:163,23
DA:164,23
DA:165,0
DA:168,23
DA:169,0
DA:170,0
DA:171,0
DA:178,0
DA:180,0
DA:181,0
DA:185,23
DA:186,23
DA:187,23
DA:188,23
DA:190,0
DA:192,23
DA:193,23
DA:197,23
DA:198,23
DA:208,0
DA:212,4
DA:213,0
DA:215,0
DA:216,0
DA:219,0
DA:220,0
DA:222,0
DA:223,0
DA:225,0
DA:226,0
DA:229,0
DA:230,0
DA:234,0
DA:235,0
DA:239,0
DA:243,4
DA:244,1
DA:246,1
DA:248,1
DA:249,1
DA:250,0
DA:253,1
DA:254,1
DA:268,0
DA:272,4
DA:273,0
DA:275,0
DA:276,0
DA:279,0
DA:280,0
DA:283,0
DA:285,0
DA:289,4
DA:290,1
DA:291,1
DA:292,1
DA:294,0
DA:298,4
DA:299,2
DA:301,2
DA:302,2
DA:303,2
DA:304,1
DA:305,1
DA:306,0
DA:308,1
DA:309,1
DA:311,1
DA:312,1
DA:313,0
DA:315,1
DA:316,1
DA:319,0
DA:323,4
DA:324,1
DA:326,1
DA:327,1
DA:329,1
DA:330,0
DA:334,1
DA:336,1
DA:338,1
DA:339,0
DA:341,1
DA:342,1
DA:345,1
DA:346,1
DA:349,1
DA:358,0
DA:362,4
DA:363,1
DA:365,1
DA:366,1
DA:369,1
DA:370,1
DA:371,0
DA:374,1
DA:375,1
DA:376,0
DA:380,1
DA:381,1
DA:382,1
DA:385,1
DA:386,1
DA:389,0
LF:167
LH:102
BRDA:14,0,0,1
BRDA:14,0,1,33
BRDA:59,1,0,0
BRDA:59,1,1,0
BRDA:63,2,0,0
BRDA:63,2,1,0
BRDA:67,3,0,0
BRDA:67,3,1,0
BRDA:73,4,0,0
BRDA:73,4,1,0
BRDA:90,5,0,2
BRDA:90,5,1,1
BRDA:96,6,0,0
BRDA:96,6,1,1
BRDA:132,7,0,0
BRDA:132,7,1,24
BRDA:164,8,0,0
BRDA:164,8,1,23
BRDA:168,9,0,0
BRDA:168,9,1,23
BRDA:170,10,0,0
BRDA:170,10,1,0
BRDA:186,11,0,23
BRDA:186,11,1,0
BRDA:219,12,0,0
BRDA:219,12,1,0
BRDA:222,13,0,0
BRDA:222,13,1,0
BRDA:225,14,0,0
BRDA:225,14,1,0
BRDA:249,15,0,0
BRDA:249,15,1,1
BRDA:303,16,0,1
BRDA:303,16,1,1
BRDA:305,17,0,0
BRDA:305,17,1,1
BRDA:312,18,0,0
BRDA:312,18,1,1
BRDA:329,19,0,0
BRDA:329,19,1,1
BRDA:338,20,0,0
BRDA:338,20,1,1
BRDA:370,21,0,0
BRDA:370,21,1,1
BRDA:375,22,0,0
BRDA:375,22,1,1
BRF:46
BRH:18
end_of_record
TN:
SF:src\middleware\auth.middleware.js
FN:5,(anonymous_0)
FNF:1
FNH:1
FNDA:111,(anonymous_0)
DA:5,4
DA:6,111
DA:7,111
DA:8,3
DA:11,108
DA:12,108
DA:13,0
DA:16,108
DA:17,108
DA:18,108
DA:19,108
DA:21,0
LF:12
LH:10
BRDA:7,0,0,3
BRDA:7,0,1,108
BRDA:12,1,0,0
BRDA:12,1,1,108
BRF:4
BRH:3
end_of_record
TN:
SF:src\middleware\error-handler.js
FN:3,(anonymous_0)
FNF:1
FNH:1
FNDA:10,(anonymous_0)
DA:3,4
DA:4,10
DA:5,0
DA:7,10
DA:8,10
DA:15,0
DA:16,0
LF:7
LH:4
BRDA:4,0,0,0
BRDA:4,0,1,10
BRDA:7,1,0,10
BRDA:7,1,1,0
BRDA:12,2,0,10
BRDA:12,2,1,0
BRF:6
BRH:3
end_of_record
TN:
SF:src\middleware\sanitize.js
FN:1,(anonymous_0)
FN:2,(anonymous_1)
FNF:2
FNH:2
FNDA:148,(anonymous_0)
FNDA:800,(anonymous_1)
DA:1,4
DA:2,148
DA:3,800
DA:4,298
DA:5,504
DA:6,0
DA:8,504
DA:13,148
DA:14,148
DA:15,148
LF:10
LH:9
BRDA:3,0,0,298
BRDA:3,0,1,502
BRDA:3,1,0,800
BRDA:3,1,1,756
BRDA:5,2,0,0
BRDA:5,2,1,504
BRDA:5,3,0,504
BRDA:5,3,1,504
BRF:8
BRH:7
end_of_record
TN:
SF:src\middleware\upload.js
FN:4,(anonymous_0)
FN:7,(anonymous_1)
FNF:2
FNH:2
FNDA:1,(anonymous_0)
FNDA:1,(anonymous_1)
DA:3,4
DA:5,1
DA:8,1
DA:12,4
LF:4
LH:4
BRF:0
BRH:0
end_of_record
TN:
SF:src\middleware\validate.js
FN:3,(anonymous_0)
FN:3,(anonymous_1)
FN:6,(anonymous_2)
FNF:3
FNH:2
FNDA:48,(anonymous_0)
FNDA:125,(anonymous_1)
FNDA:0,(anonymous_2)
DA:3,48
DA:4,125
DA:5,125
DA:6,0
DA:10,0
DA:12,125
LF:6
LH:4
BRDA:5,0,0,0
BRDA:5,0,1,125
BRDA:7,1,0,0
BRDA:7,1,1,0
BRF:4
BRH:1
end_of_record
TN:
SF:src\models\Client.js
FNF:0
FNH:0
DA:3,4
DA:21,4
LF:2
LH:2
BRF:0
BRH:0
end_of_record
TN:
SF:src\models\Company.js
FNF:0
FNH:0
DA:3,4
DA:18,4
LF:2
LH:2
BRF:0
BRH:0
end_of_record
TN:
SF:src\models\DeliveryNote.js
FNF:0
FNH:0
DA:3,4
DA:27,4
LF:2
LH:2
BRF:0
BRH:0
end_of_record
TN:
SF:src\models\Project.js
FNF:0
FNH:0
DA:3,4
DA:23,4
LF:2
LH:2
BRF:0
BRH:0
end_of_record
TN:
SF:src\models\User.js
FN:25,(anonymous_0)
FNF:1
FNH:1
FNDA:1,(anonymous_0)
DA:3,4
DA:25,4
DA:26,1
DA:29,4
LF:4
LH:4
BRF:0
BRH:0
end_of_record
TN:
SF:src\routes\client.routes.js
FNF:0
FNH:0
DA:7,4
DA:35,4
DA:48,4
DA:67,4
DA:86,4
DA:99,4
DA:120,4
DA:139,4
LF:8
LH:8
BRF:0
BRH:0
end_of_record
TN:
SF:src\routes\deliverynote.routes.js
FNF:0
FNH:0
DA:8,4
DA:38,4
DA:51,4
DA:72,4
DA:93,4
DA:114,4
DA:134,4
LF:7
LH:7
BRF:0
BRH:0
end_of_record
TN:
SF:src\routes\index.js
FNF:0
FNH:0
DA:8,4
DA:10,4
DA:11,4
DA:12,4
DA:13,4
LF:5
LH:5
BRF:0
BRH:0
end_of_record
TN:
SF:src\routes\project.routes.js
FNF:0
FNH:0
DA:7,4
DA:35,4
DA:48,4
DA:61,4
DA:82,4
DA:101,4
DA:120,4
DA:140,4
LF:8
LH:8
BRF:0
BRH:0
end_of_record
TN:
SF:src\routes\user.routes.js
FNF:0
FNH:0
DA:8,4
DA:35,4
DA:36,4
DA:37,4
DA:38,4
DA:64,4
DA:86,4
DA:101,4
DA:123,4
DA:136,4
DA:155,4
DA:181,4
DA:207,4
LF:13
LH:13
BRF:0
BRH:0
end_of_record
TN:
SF:src\services\notification.service.js
FN:6,(anonymous_0)
FN:10,(anonymous_1)
FN:14,(anonymous_2)
FN:18,(anonymous_3)
FN:23,(anonymous_4)
FN:27,(anonymous_5)
FN:31,(anonymous_6)
FN:35,(anonymous_7)
FNF:8
FNH:7
FNDA:33,(anonymous_0)
FNDA:0,(anonymous_1)
FNDA:1,(anonymous_2)
FNDA:2,(anonymous_3)
FNDA:1,(anonymous_4)
FNDA:48,(anonymous_5)
FNDA:1,(anonymous_6)
FNDA:1,(anonymous_7)
DA:3,4
DA:6,4
DA:7,33
DA:10,4
DA:11,0
DA:14,4
DA:15,1
DA:18,4
DA:19,2
DA:23,4
DA:24,1
DA:27,4
DA:28,48
DA:31,4
DA:32,1
DA:35,4
DA:36,1
LF:17
LH:16
BRF:0
BRH:0
end_of_record
TN:
SF:src\services\pdf.service.js
FN:3,(anonymous_0)
FN:4,(anonymous_1)
FN:8,(anonymous_2)
FN:9,(anonymous_3)
FNF:4
FNH:4
FNDA:1,(anonymous_0)
FNDA:1,(anonymous_1)
FNDA:65,(anonymous_2)
FNDA:1,(anonymous_3)
DA:3,4
DA:4,1
DA:5,1
DA:6,1
DA:8,65
DA:9,1
DA:10,1
DA:12,1
DA:13,1
DA:14,1
DA:15,1
DA:16,1
DA:17,1
DA:18,1
DA:19,1
DA:20,1
DA:21,1
DA:22,1
DA:23,1
DA:24,1
DA:25,1
DA:26,1
DA:27,1
DA:28,1
DA:30,0
DA:32,1
DA:33,1
DA:36,1
LF:28
LH:27
BRDA:15,0,0,1
BRDA:15,0,1,0
BRDA:18,1,0,1
BRDA:18,1,1,0
BRDA:19,2,0,1
BRDA:19,2,1,0
BRDA:22,3,0,1
BRDA:22,3,1,0
BRDA:23,4,0,1
BRDA:23,4,1,0
BRDA:26,5,0,1
BRDA:26,5,1,0
BRDA:27,6,0,1
BRDA:27,6,1,0
BRDA:33,7,0,0
BRDA:33,7,1,1
BRF:16
BRH:8
end_of_record
TN:
SF:src\services\storage.service.js
FN:9,(anonymous_0)
FN:18,(anonymous_1)
FN:25,(anonymous_2)
FNF:3
FNH:1
FNDA:1,(anonymous_0)
FNDA:0,(anonymous_1)
FNDA:0,(anonymous_2)
DA:3,4
DA:9,4
DA:10,1
DA:11,1
DA:13,0
DA:18,4
DA:19,0
DA:25,4
DA:26,0
LF:9
LH:6
BRDA:10,0,0,1
BRDA:10,0,1,0
BRF:2
BRH:1
end_of_record
TN:
SF:src\utils\AppError.js
FN:2,(anonymous_0)
FN:11,(anonymous_1)
FN:14,(anonymous_2)
FN:17,(anonymous_3)
FN:20,(anonymous_4)
FN:23,(anonymous_5)
FN:26,(anonymous_6)
FN:31,(anonymous_7)
FN:34,(anonymous_8)
FNF:9
FNH:4
FNDA:10,(anonymous_0)
FNDA:0,(anonymous_1)
FNDA:3,(anonymous_2)
FNDA:0,(anonymous_3)
FNDA:2,(anonymous_4)
FNDA:2,(anonymous_5)
FNDA:0,(anonymous_6)
FNDA:0,(anonymous_7)
FNDA:0,(anonymous_8)
DA:3,10
DA:4,10
DA:5,10
DA:6,10
DA:8,10
DA:12,0
DA:15,3
DA:18,0
DA:21,2
DA:24,2
DA:27,0
DA:28,0
DA:29,0
DA:32,0
DA:35,0
LF:15
LH:8
BRDA:2,0,0,0
BRDA:2,1,0,3
BRDA:11,2,0,0
BRDA:11,3,0,0
BRDA:14,4,0,0
BRDA:14,5,0,3
BRDA:17,6,0,0
BRDA:17,7,0,0
BRDA:20,8,0,0
BRDA:20,9,0,2
BRDA:23,10,0,0
BRDA:23,11,0,2
BRDA:26,12,0,0
BRDA:26,13,0,0
BRDA:31,14,0,0
BRDA:31,15,0,0
BRDA:34,16,0,0
BRDA:34,17,0,0
BRF:18
BRH:4
end_of_record
TN:
SF:src\validators\client.validator.js
FNF:0
FNH:0
DA:3,4
DA:17,4
LF:2
LH:2
BRF:0
BRH:0
end_of_record
TN:
SF:src\validators\deliverynote.validator.js
FNF:0
FNH:0
DA:3,4
LF:1
LH:1
BRF:0
BRH:0
end_of_record
TN:
SF:src\validators\project.validator.js
FNF:0
FNH:0
DA:3,4
DA:17,4
LF:2
LH:2
BRF:0
BRH:0
end_of_record
TN:
SF:src\validators\user.validator.js
FN:4,(anonymous_0)
FN:9,(anonymous_1)
FN:39,(anonymous_2)
FNF:3
FNH:3
FNDA:34,(anonymous_0)
FNDA:3,(anonymous_1)
FNDA:1,(anonymous_2)
DA:3,4
DA:4,34
DA:8,4
DA:9,3
DA:13,4
DA:17,4
DA:23,4
DA:36,4
DA:39,1
LF:9
LH:9
BRF:0
BRH:0
end_of_record
TN:
SF:tests\setup.js
FN:9,(anonymous_0)
FN:15,(anonymous_1)
FN:21,(anonymous_2)
FNF:3
FNH:3
FNDA:4,(anonymous_0)
FNDA:4,(anonymous_1)
FNDA:36,(anonymous_2)
DA:9,4
DA:10,4
DA:11,4
DA:12,4
DA:15,4
DA:16,4
DA:17,4
DA:18,4
DA:21,4
DA:22,36
DA:23,36
DA:24,180
LF:12
LH:12
BRF:0
BRH:0
end_of_record
