TN:
SF:src\app.js
FNF:0
FNH:0
DA:11,4
DA:13,4
DA:14,4
DA:15,4
DA:19,4
DA:20,4
DA:21,4
DA:22,4
DA:23,4
LF:9
LH:9
BRF:0
BRH:0
end_of_record
TN:
SF:src\config\index.js
FNF:0
FNH:0
DA:1,4
LF:1
LH:1
BRF:0
BRH:0
end_of_record
TN:
SF:src\config\swagger.js
FNF:0
FNH:0
DA:3,4
DA:26,4
LF:2
LH:2
BRF:0
BRH:0
end_of_record
TN:
SF:src\controllers\client.controller.js
FN:6,(anonymous_0)
FN:35,(anonymous_1)
FN:56,(anonymous_2)
FN:80,(anonymous_3)
FN:108,(anonymous_4)
FN:136,(anonymous_5)
FN:156,(anonymous_6)
FNF:7
FNH:6
FNDA:15,(anonymous_0)
FNDA:1,(anonymous_1)
FNDA:2,(anonymous_2)
FNDA:1,(anonymous_3)
FNDA:2,(anonymous_4)
FNDA:1,(anonymous_5)
FNDA:0,(anonymous_6)
DA:6,4
DA:7,15
DA:8,15
DA:9,15
DA:10,15
DA:11,0
DA:13,15
DA:17,15
DA:18,1
DA:20,14
DA:25,14
DA:26,14
DA:31,0
DA:35,4
DA:36,1
DA:37,1
DA:38,1
DA:39,1
DA:40,0
DA:42,1
DA:46,1
DA:52,0
DA:56,4
DA:57,2
DA:58,2
DA:59,2
DA:60,2
DA:61,0
DA:63,2
DA:68,2
DA:69,1
DA:71,1
DA:76,1
DA:80,4
DA:81,1
DA:82,1
DA:83,1
DA:84,1
DA:85,0
DA:87,1
DA:96,1
DA:97,0
DA:99,1
DA:104,0
DA:108,4
DA:109,2
DA:110,2
DA:111,2
DA:112,2
DA:113,0
DA:115,2
DA:124,2
DA:125,0
DA:127,2
DA:132,0
DA:136,4
DA:137,1
DA:138,1
DA:139,1
DA:140,1
DA:141,0
DA:143,1
DA:147,1
DA:152,0
DA:156,4
DA:157,0
DA:158,0
DA:159,0
DA:160,0
DA:161,0
DA:163,0
DA:172,0
DA:173,0
DA:175,0
DA:180,0
LF:75
LH:52
BRDA:10,0,0,0
BRDA:10,0,1,15
BRDA:17,1,0,1
BRDA:17,1,1,14
BRDA:39,2,0,0
BRDA:39,2,1,1
BRDA:60,3,0,0
BRDA:60,3,1,2
BRDA:68,4,0,1
BRDA:68,4,1,1
BRDA:84,5,0,0
BRDA:84,5,1,1
BRDA:96,6,0,0
BRDA:96,6,1,1
BRDA:112,7,0,0
BRDA:112,7,1,2
BRDA:124,8,0,0
BRDA:124,8,1,2
BRDA:140,9,0,0
BRDA:140,9,1,1
BRDA:160,10,0,0
BRDA:160,10,1,0
BRDA:172,11,0,0
BRDA:172,11,1,0
BRF:24
BRH:12
end_of_record
TN:
SF:src\controllers\deliverynote.controller.js
FN:8,(anonymous_0)
FN:39,(anonymous_1)
FN:59,(anonymous_2)
FN:82,(anonymous_3)
FN:112,(anonymous_4)
FN:138,(anonymous_5)
FNF:6
FNH:4
FNDA:4,(anonymous_0)
FNDA:1,(anonymous_1)
FNDA:0,(anonymous_2)
FNDA:1,(anonymous_3)
FNDA:1,(anonymous_4)
FNDA:0,(anonymous_5)
DA:8,4
DA:9,4
DA:10,4
DA:12,4
DA:13,4
DA:14,0
DA:16,4
DA:21,4
DA:22,1
DA:24,3
DA:30,3
DA:35,1
DA:39,4
DA:40,1
DA:41,1
DA:42,1
DA:43,1
DA:44,0
DA:46,1
DA:50,1
DA:55,0
DA:59,4
DA:60,0
DA:61,0
DA:62,0
DA:63,0
DA:64,0
DA:66,0
DA:71,0
DA:72,0
DA:74,0
DA:79,0
DA:82,4
DA:83,1
DA:84,1
DA:85,1
DA:86,1
DA:87,0
DA:89,1
DA:94,1
DA:95,0
DA:97,1
DA:98,0
DA:101,1
DA:102,1
DA:103,1
DA:108,0
DA:112,4
DA:113,1
DA:114,1
DA:115,1
DA:116,1
DA:117,0
DA:119,1
DA:124,1
DA:125,0
DA:127,1
DA:128,1
DA:129,1
DA:134,0
DA:138,4
DA:139,0
DA:140,0
DA:141,0
DA:142,0
DA:144,0
DA:150,0
DA:153,0
DA:155,0
LF:69
LH:41
BRDA:13,0,0,0
BRDA:13,0,1,4
BRDA:21,1,0,1
BRDA:21,1,1,3
BRDA:43,2,0,0
BRDA:43,2,1,1
BRDA:63,3,0,0
BRDA:63,3,1,0
BRDA:71,4,0,0
BRDA:71,4,1,0
BRDA:86,5,0,0
BRDA:86,5,1,1
BRDA:94,6,0,0
BRDA:94,6,1,1
BRDA:97,7,0,0
BRDA:97,7,1,1
BRDA:116,8,0,0
BRDA:116,8,1,1
BRDA:124,9,0,0
BRDA:124,9,1,1
BRDA:142,10,0,0
BRDA:142,10,1,0
BRDA:150,11,0,0
BRDA:150,11,1,0
BRF:24
BRH:9
end_of_record
TN:
SF:src\controllers\project.controller.js
FN:7,(anonymous_0)
FN:36,(anonymous_1)
FN:56,(anonymous_2)
FN:80,(anonymous_3)
FN:108,(anonymous_4)
FN:134,(anonymous_5)
FN:154,(anonymous_6)
FNF:7
FNH:4
FNDA:9,(anonymous_0)
FNDA:1,(anonymous_1)
FNDA:1,(anonymous_2)
FNDA:0,(anonymous_3)
FNDA:1,(anonymous_4)
FNDA:0,(anonymous_5)
FNDA:0,(anonymous_6)
DA:7,4
DA:8,9
DA:9,9
DA:10,9
DA:11,9
DA:12,0
DA:14,9
DA:19,9
DA:20,1
DA:22,8
DA:27,8
DA:32,1
DA:36,4
DA:37,1
DA:38,1
DA:39,1
DA:40,1
DA:41,0
DA:43,1
DA:47,1
DA:52,0
DA:56,4
DA:57,1
DA:58,1
DA:59,1
DA:60,1
DA:61,0
DA:63,1
DA:68,1
DA:69,0
DA:71,1
DA:76,0
DA:80,4
DA:81,0
DA:82,0
DA:83,0
DA:84,0
DA:85,0
DA:87,0
DA:92,0
DA:93,0
DA:95,0
DA:99,0
DA:104,0
DA:108,4
DA:109,1
DA:110,1
DA:111,1
DA:112,1
DA:113,0
DA:115,1
DA:120,1
DA:121,0
DA:124,1
DA:125,1
DA:130,0
DA:134,4
DA:135,0
DA:136,0
DA:137,0
DA:138,0
DA:139,0
DA:141,0
DA:145,0
DA:150,0
DA:154,4
DA:155,0
DA:156,0
DA:157,0
DA:158,0
DA:159,0
DA:161,0
DA:168,0
DA:169,0
DA:171,0
DA:176,0
LF:76
LH:38
BRDA:11,0,0,0
BRDA:11,0,1,9
BRDA:19,1,0,1
BRDA:19,1,1,8
BRDA:40,2,0,0
BRDA:40,2,1,1
BRDA:60,3,0,0
BRDA:60,3,1,1
BRDA:68,4,0,0
BRDA:68,4,1,1
BRDA:84,5,0,0
BRDA:84,5,1,0
BRDA:92,6,0,0
BRDA:92,6,1,0
BRDA:112,7,0,0
BRDA:112,7,1,1
BRDA:120,8,0,0
BRDA:120,8,1,1
BRDA:138,9,0,0
BRDA:138,9,1,0
BRDA:158,10,0,0
BRDA:158,10,1,0
BRDA:168,11,0,0
BRDA:168,11,1,0
BRF:24
BRH:8
end_of_record
TN:
SF:src\controllers\user.controller.js
FN:9,(anonymous_0)
FN:48,(anonymous_1)
FN:85,(anonymous_2)
FN:124,(anonymous_3)
FN:156,(anonymous_4)
FN:212,(anonymous_5)
FN:243,(anonymous_6)
FN:272,(anonymous_7)
FN:289,(anonymous_8)
FN:298,(anonymous_9)
FN:323,(anonymous_10)
FN:362,(anonymous_11)
FNF:12
FNH:4
FNDA:20,(anonymous_0)
FNDA:0,(anonymous_1)
FNDA:2,(anonymous_2)
FNDA:18,(anonymous_3)
FNDA:18,(anonymous_4)
FNDA:0,(anonymous_5)
FNDA:0,(anonymous_6)
FNDA:0,(anonymous_7)
FNDA:0,(anonymous_8)
FNDA:0,(anonymous_9)
FNDA:0,(anonymous_10)
FNDA:0,(anonymous_11)
DA:9,4
DA:10,20
DA:12,20
DA:13,20
DA:14,20
DA:15,0
DA:19,20
DA:20,20
DA:21,20
DA:24,20
DA:25,20
DA:28,20
DA:29,20
DA:32,20
DA:43,0
DA:48,4
DA:49,0
DA:51,0
DA:52,0
DA:55,0
DA:59,0
DA:60,0
DA:63,0
DA:64,0
DA:67,0
DA:68,0
DA:69,0
DA:70,0
DA:73,0
DA:74,0
DA:75,0
DA:76,0
DA:77,0
DA:81,0
DA:85,4
DA:86,2
DA:88,2
DA:89,2
DA:90,2
DA:91,1
DA:95,1
DA:96,1
DA:97,0
DA:101,1
DA:102,1
DA:105,1
DA:108,1
DA:119,0
DA:124,4
DA:125,18
DA:127,18
DA:128,18
DA:131,18
DA:132,18
DA:133,0
DA:135,18
DA:138,18
DA:152,0
DA:156,4
DA:157,18
DA:159,18
DA:160,18
DA:163,18
DA:164,18
DA:165,0
DA:168,18
DA:169,0
DA:170,0
DA:171,0
DA:178,0
DA:180,0
DA:181,0
DA:185,18
DA:186,18
DA:187,18
DA:188,18
DA:190,0
DA:192,18
DA:193,18
DA:197,18
DA:198,18
DA:208,0
DA:212,4
DA:213,0
DA:215,0
DA:216,0
DA:219,0
DA:220,0
DA:222,0
DA:223,0
DA:225,0
DA:226,0
DA:229,0
DA:230,0
DA:234,0
DA:235,0
DA:239,0
DA:243,4
DA:244,0
DA:246,0
DA:248,0
DA:249,0
DA:250,0
DA:253,0
DA:254,0
DA:268,0
DA:272,4
DA:273,0
DA:275,0
DA:276,0
DA:279,0
DA:280,0
DA:283,0
DA:285,0
DA:289,4
DA:290,0
DA:291,0
DA:292,0
DA:294,0
DA:298,4
DA:299,0
DA:301,0
DA:302,0
DA:303,0
DA:304,0
DA:305,0
DA:306,0
DA:308,0
DA:309,0
DA:311,0
DA:312,0
DA:313,0
DA:315,0
DA:316,0
DA:319,0
DA:323,4
DA:324,0
DA:326,0
DA:327,0
DA:329,0
DA:330,0
DA:334,0
DA:336,0
DA:338,0
DA:339,0
DA:341,0
DA:342,0
DA:345,0
DA:346,0
DA:349,0
DA:358,0
DA:362,4
DA:363,0
DA:365,0
DA:366,0
DA:369,0
DA:370,0
DA:371,0
DA:374,0
DA:375,0
DA:376,0
DA:380,0
DA:381,0
DA:382,0
DA:385,0
DA:386,0
DA:389,0
LF:167
LH:56
BRDA:14,0,0,0
BRDA:14,0,1,20
BRDA:59,1,0,0
BRDA:59,1,1,0
BRDA:63,2,0,0
BRDA:63,2,1,0
BRDA:67,3,0,0
BRDA:67,3,1,0
BRDA:73,4,0,0
BRDA:73,4,1,0
BRDA:90,5,0,1
BRDA:90,5,1,1
BRDA:96,6,0,0
BRDA:96,6,1,1
BRDA:132,7,0,0
BRDA:132,7,1,18
BRDA:164,8,0,0
BRDA:164,8,1,18
BRDA:168,9,0,0
BRDA:168,9,1,18
BRDA:170,10,0,0
BRDA:170,10,1,0
BRDA:186,11,0,18
BRDA:186,11,1,0
BRDA:219,12,0,0
BRDA:219,12,1,0
BRDA:222,13,0,0
BRDA:222,13,1,0
BRDA:225,14,0,0
BRDA:225,14,1,0
BRDA:249,15,0,0
BRDA:249,15,1,0
BRDA:303,16,0,0
BRDA:303,16,1,0
BRDA:305,17,0,0
BRDA:305,17,1,0
BRDA:312,18,0,0
BRDA:312,18,1,0
BRDA:329,19,0,0
BRDA:329,19,1,0
BRDA:338,20,0,0
BRDA:338,20,1,0
BRDA:370,21,0,0
BRDA:370,21,1,0
BRDA:375,22,0,0
BRDA:375,22,1,0
BRF:46
BRH:8
end_of_record
TN:
SF:src\middleware\auth.middleware.js
FN:5,(anonymous_0)
FNF:1
FNH:1
FNDA:78,(anonymous_0)
DA:5,4
DA:6,78
DA:7,78
DA:8,1
DA:11,77
DA:12,77
DA:13,0
DA:16,77
DA:17,77
DA:18,77
DA:19,77
DA:21,0
LF:12
LH:10
BRDA:7,0,0,1
BRDA:7,0,1,77
BRDA:12,1,0,0
BRDA:12,1,1,77
BRF:4
BRH:3
end_of_record
TN:
SF:src\middleware\error-handler.js
FN:3,(anonymous_0)
FNF:1
FNH:1
FNDA:6,(anonymous_0)
DA:3,4
DA:4,6
DA:5,0
DA:7,6
DA:8,6
DA:15,0
DA:16,0
LF:7
LH:4
BRDA:4,0,0,0
BRDA:4,0,1,6
BRDA:7,1,0,6
BRDA:7,1,1,0
BRDA:12,2,0,6
BRDA:12,2,1,0
BRF:6
BRH:3
end_of_record
TN:
SF:src\middleware\sanitize.js
FN:1,(anonymous_0)
FN:2,(anonymous_1)
FNF:2
FNH:2
FNDA:100,(anonymous_0)
FNDA:568,(anonymous_1)
DA:1,4
DA:2,100
DA:3,568
DA:4,206
DA:5,368
DA:6,0
DA:8,368
DA:13,100
DA:14,100
DA:15,100
LF:10
LH:9
BRDA:3,0,0,206
BRDA:3,0,1,362
BRDA:3,1,0,568
BRDA:3,1,1,538
BRDA:5,2,0,0
BRDA:5,2,1,368
BRDA:5,3,0,368
BRDA:5,3,1,368
BRF:8
BRH:7
end_of_record
TN:
SF:src\middleware\upload.js
FN:4,(anonymous_0)
FN:7,(anonymous_1)
FNF:2
FNH:0
FNDA:0,(anonymous_0)
FNDA:0,(anonymous_1)
DA:3,4
DA:5,0
DA:8,0
DA:12,4
LF:4
LH:2
BRF:0
BRH:0
end_of_record
TN:
SF:src\middleware\validate.js
FN:3,(anonymous_0)
FN:3,(anonymous_1)
FN:6,(anonymous_2)
FNF:3
FNH:2
FNDA:20,(anonymous_0)
FNDA:58,(anonymous_1)
FNDA:0,(anonymous_2)
DA:3,20
DA:4,58
DA:5,58
DA:6,0
DA:10,0
DA:12,58
LF:6
LH:4
BRDA:5,0,0,0
BRDA:5,0,1,58
BRDA:7,1,0,0
BRDA:7,1,1,0
BRF:4
BRH:1
end_of_record
TN:
SF:src\models\Client.js
FNF:0
FNH:0
DA:3,4
DA:21,4
LF:2
LH:2
BRF:0
BRH:0
end_of_record
TN:
SF:src\models\Company.js
FNF:0
FNH:0
DA:3,4
DA:18,4
LF:2
LH:2
BRF:0
BRH:0
end_of_record
TN:
SF:src\models\DeliveryNote.js
FNF:0
FNH:0
DA:3,4
DA:27,4
LF:2
LH:2
BRF:0
BRH:0
end_of_record
TN:
SF:src\models\Project.js
FNF:0
FNH:0
DA:3,4
DA:23,4
LF:2
LH:2
BRF:0
BRH:0
end_of_record
TN:
SF:src\models\User.js
FN:25,(anonymous_0)
FNF:1
FNH:0
FNDA:0,(anonymous_0)
DA:3,4
DA:25,4
DA:26,0
DA:29,4
LF:4
LH:3
BRF:0
BRH:0
end_of_record
TN:
SF:src\routes\client.routes.js
FNF:0
FNH:0
DA:5,4
DA:33,4
DA:46,4
DA:65,4
DA:84,4
DA:97,4
DA:118,4
DA:137,4
LF:8
LH:8
BRF:0
BRH:0
end_of_record
TN:
SF:src\routes\deliverynote.routes.js
FNF:0
FNH:0
DA:4,4
DA:34,4
DA:47,4
DA:68,4
DA:89,4
DA:110,4
DA:131,4
LF:7
LH:7
BRF:0
BRH:0
end_of_record
TN:
SF:src\routes\index.js
FNF:0
FNH:0
DA:8,4
DA:10,4
DA:11,4
DA:12,4
DA:13,4
LF:5
LH:5
BRF:0
BRH:0
end_of_record
TN:
SF:src\routes\project.routes.js
FNF:0
FNH:0
DA:5,4
DA:33,4
DA:46,4
DA:59,4
DA:80,4
DA:99,4
DA:118,4
DA:138,4
LF:8
LH:8
BRF:0
BRH:0
end_of_record
TN:
SF:src\routes\user.routes.js
FNF:0
FNH:0
DA:8,4
DA:35,4
DA:36,4
DA:37,4
DA:38,4
DA:64,4
DA:86,4
DA:101,4
LF:8
LH:8
BRF:0
BRH:0
end_of_record
TN:
SF:src\services\notification.service.js
FN:6,(anonymous_0)
FN:10,(anonymous_1)
FN:14,(anonymous_2)
FN:18,(anonymous_3)
FN:23,(anonymous_4)
FN:27,(anonymous_5)
FN:31,(anonymous_6)
FN:35,(anonymous_7)
FNF:8
FNH:3
FNDA:20,(anonymous_0)
FNDA:0,(anonymous_1)
FNDA:0,(anonymous_2)
FNDA:0,(anonymous_3)
FNDA:1,(anonymous_4)
FNDA:36,(anonymous_5)
FNDA:0,(anonymous_6)
FNDA:0,(anonymous_7)
DA:3,4
DA:6,4
DA:7,20
DA:10,4
DA:11,0
DA:14,4
DA:15,0
DA:18,4
DA:19,0
DA:23,4
DA:24,1
DA:27,4
DA:28,36
DA:31,4
DA:32,0
DA:35,4
DA:36,0
LF:17
LH:12
BRF:0
BRH:0
end_of_record
TN:
SF:src\utils\AppError.js
FN:2,(anonymous_0)
FN:11,(anonymous_1)
FN:14,(anonymous_2)
FN:17,(anonymous_3)
FN:20,(anonymous_4)
FN:23,(anonymous_5)
FN:26,(anonymous_6)
FN:31,(anonymous_7)
FN:34,(anonymous_8)
FNF:9
FNH:4
FNDA:6,(anonymous_0)
FNDA:0,(anonymous_1)
FNDA:1,(anonymous_2)
FNDA:0,(anonymous_3)
FNDA:1,(anonymous_4)
FNDA:1,(anonymous_5)
FNDA:0,(anonymous_6)
FNDA:0,(anonymous_7)
FNDA:0,(anonymous_8)
DA:3,6
DA:4,6
DA:5,6
DA:6,6
DA:8,6
DA:12,0
DA:15,1
DA:18,0
DA:21,1
DA:24,1
DA:27,0
DA:28,0
DA:29,0
DA:32,0
DA:35,0
LF:15
LH:8
BRDA:2,0,0,0
BRDA:2,1,0,3
BRDA:11,2,0,0
BRDA:11,3,0,0
BRDA:14,4,0,0
BRDA:14,5,0,1
BRDA:17,6,0,0
BRDA:17,7,0,0
BRDA:20,8,0,0
BRDA:20,9,0,1
BRDA:23,10,0,0
BRDA:23,11,0,1
BRDA:26,12,0,0
BRDA:26,13,0,0
BRDA:31,14,0,0
BRDA:31,15,0,0
BRDA:34,16,0,0
BRDA:34,17,0,0
BRF:18
BRH:4
end_of_record
TN:
SF:src\validators\user.validator.js
FN:4,(anonymous_0)
FN:9,(anonymous_1)
FN:39,(anonymous_2)
FNF:3
FNH:2
FNDA:20,(anonymous_0)
FNDA:2,(anonymous_1)
FNDA:0,(anonymous_2)
DA:3,4
DA:4,20
DA:8,4
DA:9,2
DA:13,4
DA:17,4
DA:23,4
DA:36,4
DA:39,0
LF:9
LH:8
BRF:0
BRH:0
end_of_record
TN:
SF:tests\setup.js
FN:7,(anonymous_0)
FN:13,(anonymous_1)
FN:19,(anonymous_2)
FNF:3
FNH:3
FNDA:4,(anonymous_0)
FNDA:4,(anonymous_1)
FNDA:22,(anonymous_2)
DA:7,4
DA:8,4
DA:9,4
DA:10,4
DA:13,4
DA:14,4
DA:15,4
DA:16,4
DA:19,4
DA:20,22
DA:21,22
DA:22,110
LF:12
LH:12
BRF:0
BRH:0
end_of_record
